#
# There is insufficient memory for the Java Runtime Environment to continue.
# Native memory allocation (malloc) failed to allocate 920416 bytes. Error detail: Chunk::new
# Possible reasons:
#   The system is out of physical RAM or swap space
#   This process is running with CompressedOops enabled, and the Java Heap may be blocking the growth of the native heap
# Possible solutions:
#   Reduce memory load on the system
#   Increase physical memory or swap space
#   Check if swap backing store is full
#   Decrease Java heap size (-Xmx/-Xms)
#   Decrease number of Java threads
#   Decrease Java thread stack sizes (-Xss)
#   Set larger code cache with -XX:ReservedCodeCacheSize=
#   JVM is running with Unscaled Compressed Oops mode in which the Java heap is
#     placed in the first 4GB address space. The Java Heap base address is the
#     maximum limit for the native heap growth. Please use -XX:HeapBaseMinAddress
#     to set the Java Heap base and to place the Java Heap above 4GB virtual address.
# This output file may be truncated or incomplete.
#
#  Out of Memory Error (arena.cpp:168), pid=28448, tid=4708
#
# JRE version: OpenJDK Runtime Environment Temurin-21.0.5+11 (21.0.5+11) (build 21.0.5+11-LTS)
# Java VM: OpenJDK 64-Bit Server VM Temurin-21.0.5+11 (21.0.5+11-LTS, mixed mode, sharing, tiered, compressed oops, compressed class ptrs, parallel gc, windows-amd64)
# No core dump will be written. Minidumps are not enabled by default on client versions of Windows
#

---------------  S U M M A R Y ------------

Command Line: --add-modules=ALL-SYSTEM --add-opens=java.base/java.util=ALL-UNNAMED --add-opens=java.base/java.lang=ALL-UNNAMED --add-opens=java.base/sun.nio.fs=ALL-UNNAMED -Declipse.application=org.eclipse.jdt.ls.core.id1 -Dosgi.bundles.defaultStartLevel=4 -Declipse.product=org.eclipse.jdt.ls.core.product -Djava.import.generatesMetadataFilesAtProjectRoot=false -DDetectVMInstallationsJob.disabled=true -Dfile.encoding=utf8 -XX:+UseParallelGC -XX:GCTimeRatio=4 -XX:AdaptiveSizePolicyWeight=90 -Dsun.zip.disableMemoryMapping=true -Xmx1G -Xms100m -Xlog:disable -javaagent:c:\Users\home\.vscode\extensions\redhat.java-1.39.0-win32-x64\lombok\lombok-1.18.34.jar -XX:+HeapDumpOnOutOfMemoryError -XX:HeapDumpPath=c:\Users\home\AppData\Roaming\Code\User\workspaceStorage\508c973921c4df5759291c9593d67734\redhat.java -Daether.dependencyCollector.impl=bf c:\Users\home\.vscode\extensions\redhat.java-1.39.0-win32-x64\server\plugins\org.eclipse.equinox.launcher_1.6.900.v20240613-2009.jar -configuration c:\Users\home\AppData\Roaming\Code\User\globalStorage\redhat.java\1.39.0\config_win -data c:\Users\home\AppData\Roaming\Code\User\workspaceStorage\508c973921c4df5759291c9593d67734\redhat.java\jdt_ws --pipe=\\.\pipe\lsp-f5d963ccedbbcb55cff52fb0f427c45f-sock

Host: Intel(R) Core(TM) i3-10110U CPU @ 2.10GHz, 4 cores, 3G,  Windows 11 , 64 bit Build 22621 (10.0.22621.4391)
Time: Thu Jan 23 22:19:42 2025 India Standard Time elapsed time: 38.657473 seconds (0d 0h 0m 38s)

---------------  T H R E A D  ---------------

Current thread (0x00000224bc679f20):  JavaThread "C2 CompilerThread0" daemon [_thread_in_native, id=4708, stack(0x0000006edfd00000,0x0000006edfe00000) (1024K)]


Current CompileTask:
C2:38657 5062   !   4       org.eclipse.osgi.internal.loader.classpath.ClasspathManager::findLocalClass (210 bytes)

Stack: [0x0000006edfd00000,0x0000006edfe00000]
Native frames: (J=compiled Java code, j=interpreted, Vv=VM code, C=native code)
V  [jvm.dll+0x6cd4e9]
V  [jvm.dll+0x8a7941]
V  [jvm.dll+0x8a9e6e]
V  [jvm.dll+0x8aa543]
V  [jvm.dll+0x27f6d6]
V  [jvm.dll+0xc500d]
V  [jvm.dll+0xc5543]
V  [jvm.dll+0x2f2a9d]
V  [jvm.dll+0x5f67ea]
V  [jvm.dll+0x250b82]
V  [jvm.dll+0x250f3f]
V  [jvm.dll+0x249814]
V  [jvm.dll+0x246ea4]
V  [jvm.dll+0x1c75ce]
V  [jvm.dll+0x25682a]
V  [jvm.dll+0x254dca]
V  [jvm.dll+0x3f00d6]
V  [jvm.dll+0x8514fb]
V  [jvm.dll+0x6cbbed]
C  [ucrtbase.dll+0x29333]
C  [KERNEL32.DLL+0x1259d]
C  [ntdll.dll+0x5af38]


---------------  P R O C E S S  ---------------

Threads class SMR info:
_java_thread_list=0x0000022484733f70, length=23, elements={
0x00000224a612a990, 0x00000224bc66d2b0, 0x00000224bc66eb80, 0x00000224bc6727e0,
0x00000224bc673430, 0x00000224bc674080, 0x00000224bc674cd0, 0x00000224bc679f20,
0x00000224bc6ecdd0, 0x00000224fe5850a0, 0x00000224fe7bd820, 0x00000224febbdd40,
0x00000224febb3090, 0x00000224fe778d60, 0x00000224fec5b570, 0x00000224feda9d50,
0x00000224842afe10, 0x00000224842bf6d0, 0x00000224842bfd60, 0x00000224842be9b0,
0x00000224842bc8e0, 0x00000224842bcf70, 0x00000224842bd600
}

Java Threads: ( => current thread )
  0x00000224a612a990 JavaThread "main"                              [_thread_blocked, id=23180, stack(0x0000006edf300000,0x0000006edf400000) (1024K)]
  0x00000224bc66d2b0 JavaThread "Reference Handler"          daemon [_thread_blocked, id=31152, stack(0x0000006edf700000,0x0000006edf800000) (1024K)]
  0x00000224bc66eb80 JavaThread "Finalizer"                  daemon [_thread_blocked, id=12608, stack(0x0000006edf800000,0x0000006edf900000) (1024K)]
  0x00000224bc6727e0 JavaThread "Signal Dispatcher"          daemon [_thread_blocked, id=22992, stack(0x0000006edf900000,0x0000006edfa00000) (1024K)]
  0x00000224bc673430 JavaThread "Attach Listener"            daemon [_thread_blocked, id=7976, stack(0x0000006edfa00000,0x0000006edfb00000) (1024K)]
  0x00000224bc674080 JavaThread "Service Thread"             daemon [_thread_blocked, id=22072, stack(0x0000006edfb00000,0x0000006edfc00000) (1024K)]
  0x00000224bc674cd0 JavaThread "Monitor Deflation Thread"   daemon [_thread_blocked, id=21452, stack(0x0000006edfc00000,0x0000006edfd00000) (1024K)]
=>0x00000224bc679f20 JavaThread "C2 CompilerThread0"         daemon [_thread_in_native, id=4708, stack(0x0000006edfd00000,0x0000006edfe00000) (1024K)]
  0x00000224bc6ecdd0 JavaThread "C1 CompilerThread0"         daemon [_thread_blocked, id=22412, stack(0x0000006edfe00000,0x0000006edff00000) (1024K)]
  0x00000224fe5850a0 JavaThread "Common-Cleaner"             daemon [_thread_blocked, id=8228, stack(0x0000006edff00000,0x0000006ee0000000) (1024K)]
  0x00000224fe7bd820 JavaThread "Notification Thread"        daemon [_thread_blocked, id=34392, stack(0x0000006ee0000000,0x0000006ee0100000) (1024K)]
  0x00000224febbdd40 JavaThread "Active Thread: Equinox Container: 6b739d12-abd3-4971-b8c5-3db1260a1719"        [_thread_blocked, id=11236, stack(0x0000006ee0400000,0x0000006ee0500000) (1024K)]
  0x00000224febb3090 JavaThread "Refresh Thread: Equinox Container: 6b739d12-abd3-4971-b8c5-3db1260a1719" daemon [_thread_blocked, id=25920, stack(0x0000006ee0500000,0x0000006ee0600000) (1024K)]
  0x00000224fe778d60 JavaThread "Framework Event Dispatcher: Equinox Container: 6b739d12-abd3-4971-b8c5-3db1260a1719" daemon [_thread_blocked, id=23204, stack(0x0000006ee0600000,0x0000006ee0700000) (1024K)]
  0x00000224fec5b570 JavaThread "Start Level: Equinox Container: 6b739d12-abd3-4971-b8c5-3db1260a1719" daemon [_thread_in_native, id=9108, stack(0x0000006ee0700000,0x0000006ee0800000) (1024K)]
  0x00000224feda9d50 JavaThread "Bundle File Closer"         daemon [_thread_blocked, id=20592, stack(0x0000006ee0800000,0x0000006ee0900000) (1024K)]
  0x00000224842afe10 JavaThread "SCR Component Actor"        daemon [_thread_blocked, id=28928, stack(0x0000006ee0900000,0x0000006ee0a00000) (1024K)]
  0x00000224842bf6d0 JavaThread "Worker-JM"                         [_thread_blocked, id=6472, stack(0x0000006ee0b00000,0x0000006ee0c00000) (1024K)]
  0x00000224842bfd60 JavaThread "JNA Cleaner"                daemon [_thread_blocked, id=27668, stack(0x0000006ee0a00000,0x0000006ee0b00000) (1024K)]
  0x00000224842be9b0 JavaThread "Worker-0"                          [_thread_blocked, id=30312, stack(0x0000006ee0c00000,0x0000006ee0d00000) (1024K)]
  0x00000224842bc8e0 JavaThread "Worker-1"                          [_thread_blocked, id=33840, stack(0x0000006ee0d00000,0x0000006ee0e00000) (1024K)]
  0x00000224842bcf70 JavaThread "Worker-2: Repository registry initialization"        [_thread_in_native, id=27964, stack(0x0000006ee0f00000,0x0000006ee1000000) (1024K)]
  0x00000224842bd600 JavaThread "Java indexing"              daemon [_thread_blocked, id=7280, stack(0x0000006ee1000000,0x0000006ee1100000) (1024K)]
Total: 23

Other Threads:
  0x00000224bc651940 VMThread "VM Thread"                           [id=17276, stack(0x0000006edf600000,0x0000006edf700000) (1024K)]
  0x00000224bc60ca00 WatcherThread "VM Periodic Task Thread"        [id=11444, stack(0x0000006edf500000,0x0000006edf600000) (1024K)]
  0x00000224a81ff4b0 WorkerThread "GC Thread#0"                     [id=17540, stack(0x0000006edf400000,0x0000006edf500000) (1024K)]
  0x00000224feebb6e0 WorkerThread "GC Thread#1"                     [id=9224, stack(0x0000006ee0100000,0x0000006ee0200000) (1024K)]
  0x00000224fea5d420 WorkerThread "GC Thread#2"                     [id=26024, stack(0x0000006ee0200000,0x0000006ee0300000) (1024K)]
  0x00000224feebba80 WorkerThread "GC Thread#3"                     [id=18536, stack(0x0000006ee0300000,0x0000006ee0400000) (1024K)]
Total: 6

Threads with active compile tasks:
C2 CompilerThread0  38748 5062   !   4       org.eclipse.osgi.internal.loader.classpath.ClasspathManager::findLocalClass (210 bytes)
Total: 1

VM state: not at safepoint (normal execution)

VM Mutex/Monitor currently owned by a thread: None

Heap address: 0x00000000c0000000, size: 1024 MB, Compressed Oops mode: 32-bit

CDS archive(s) mapped at: [0x00000224bd000000-0x00000224bdba0000-0x00000224bdba0000), size 12189696, SharedBaseAddress: 0x00000224bd000000, ArchiveRelocationMode: 1.
Compressed class space mapped at: 0x00000224be000000-0x00000224fe000000, reserved size: 1073741824
Narrow klass base: 0x00000224bd000000, Narrow klass shift: 0, Narrow klass range: 0x100000000

GC Precious Log:
 CardTable entry size: 512
 CPUs: 4 total, 4 available
 Memory: 3930M
 Large Page Support: Disabled
 NUMA Support: Disabled
 Compressed Oops: Enabled (32-bit)
 Alignments: Space 512K, Generation 512K, Heap 2M
 Heap Min Capacity: 100M
 Heap Initial Capacity: 100M
 Heap Max Capacity: 1G
 Pre-touch: Disabled
 Parallel Workers: 4

Heap:
 PSYoungGen      total 23552K, used 14435K [0x00000000eab00000, 0x00000000ec700000, 0x0000000100000000)
  eden space 22016K, 59% used [0x00000000eab00000,0x00000000eb7d8d70,0x00000000ec080000)
  from space 1536K, 83% used [0x00000000ec580000,0x00000000ec6c0108,0x00000000ec700000)
  to   space 1536K, 0% used [0x00000000ec400000,0x00000000ec400000,0x00000000ec580000)
 ParOldGen       total 68608K, used 16691K [0x00000000c0000000, 0x00000000c4300000, 0x00000000eab00000)
  object space 68608K, 24% used [0x00000000c0000000,0x00000000c104cd68,0x00000000c4300000)
 Metaspace       used 34609K, committed 35648K, reserved 1114112K
  class space    used 3479K, committed 3904K, reserved 1048576K

Card table byte_map: [0x00000224a7b80000,0x00000224a7d90000] _byte_map_base: 0x00000224a7580000

Marking Bits: (ParMarkBitMap*) 0x00007ffc4ce02250
 Begin Bits: [0x00000224ba530000, 0x00000224bb530000)
 End Bits:   [0x00000224bb530000, 0x00000224bc530000)

Polling page: 0x00000224a60b0000

Metaspace:

Usage:
  Non-class:     30.40 MB used.
      Class:      3.40 MB used.
       Both:     33.80 MB used.

Virtual space:
  Non-class space:       64.00 MB reserved,      31.00 MB ( 48%) committed,  1 nodes.
      Class space:        1.00 GB reserved,       3.81 MB ( <1%) committed,  1 nodes.
             Both:        1.06 GB reserved,      34.81 MB (  3%) committed. 

Chunk freelists:
   Non-Class:  640.00 KB
       Class:  12.19 MB
        Both:  12.82 MB

MaxMetaspaceSize: unlimited
CompressedClassSpaceSize: 1.00 GB
Initial GC threshold: 21.00 MB
Current GC threshold: 35.00 MB
CDS: on
 - commit_granule_bytes: 65536.
 - commit_granule_words: 8192.
 - virtual_space_node_default_size: 8388608.
 - enlarge_chunks_in_place: 1.
 - use_allocation_guard: 0.


Internal statistics:

num_allocs_failed_limit: 3.
num_arena_births: 794.
num_arena_deaths: 14.
num_vsnodes_births: 2.
num_vsnodes_deaths: 0.
num_space_committed: 557.
num_space_uncommitted: 0.
num_chunks_returned_to_freelist: 17.
num_chunks_taken_from_freelist: 2260.
num_chunk_merges: 9.
num_chunk_splits: 1446.
num_chunks_enlarged: 829.
num_inconsistent_stats: 0.

CodeHeap 'non-profiled nmethods': size=120000Kb used=2532Kb max_used=2532Kb free=117467Kb
 bounds [0x00000224b3000000, 0x00000224b3280000, 0x00000224ba530000]
CodeHeap 'profiled nmethods': size=120000Kb used=10920Kb max_used=10920Kb free=109079Kb
 bounds [0x00000224ab530000, 0x00000224abfe0000, 0x00000224b2a60000]
CodeHeap 'non-nmethods': size=5760Kb used=1342Kb max_used=1414Kb free=4417Kb
 bounds [0x00000224b2a60000, 0x00000224b2cd0000, 0x00000224b3000000]
 total_blobs=5716 nmethods=5079 adapters=543
 compilation: enabled
              stopped_count=0, restarted_count=0
 full_count=0

Compilation events (20 events):
Event: 38.392 Thread 0x00000224bc6ecdd0 5076       3       java.nio.Buffer::nextGetIndex (30 bytes)
Event: 38.392 Thread 0x00000224bc6ecdd0 nmethod 5076 0x00000224abfcf590 code [0x00000224abfcf740, 0x00000224abfcf910]
Event: 38.497 Thread 0x00000224bc679f20 nmethod 5010 0x00000224b326b510 code [0x00000224b326c040, 0x00000224b32742c8]
Event: 38.498 Thread 0x00000224bc679f20 5062   !   4       org.eclipse.osgi.internal.loader.classpath.ClasspathManager::findLocalClass (210 bytes)
Event: 38.507 Thread 0x00000224bc6ecdd0 5077   !   3       com.google.inject.spi.InjectionPoint::getInjectionPoints (491 bytes)
Event: 38.511 Thread 0x00000224bc6ecdd0 nmethod 5077 0x00000224abfcfa10 code [0x00000224abfd0020, 0x00000224abfd3420]
Event: 38.511 Thread 0x00000224bc6ecdd0 5078       3       com.google.inject.internal.DeclaredMembers$$Lambda/0x00000224be3075a8::apply (8 bytes)
Event: 38.511 Thread 0x00000224bc6ecdd0 nmethod 5078 0x00000224abfd4990 code [0x00000224abfd4b40, 0x00000224abfd4d60]
Event: 38.511 Thread 0x00000224bc6ecdd0 5079       3       com.google.inject.internal.DeclaredMembers$$Lambda/0x00000224be3077d8::apply (8 bytes)
Event: 38.511 Thread 0x00000224bc6ecdd0 nmethod 5079 0x00000224abfd4e10 code [0x00000224abfd4fe0, 0x00000224abfd52c8]
Event: 38.512 Thread 0x00000224bc6ecdd0 5080       3       com.google.inject.internal.DeclaredMembers$$Lambda/0x00000224be3225b0::apply (5 bytes)
Event: 38.513 Thread 0x00000224bc6ecdd0 nmethod 5080 0x00000224abfd5410 code [0x00000224abfd55c0, 0x00000224abfd57b8]
Event: 38.514 Thread 0x00000224bc6ecdd0 5081       3       com.google.inject.internal.Errors::hasErrors (16 bytes)
Event: 38.515 Thread 0x00000224bc6ecdd0 nmethod 5081 0x00000224abfd5890 code [0x00000224abfd5a40, 0x00000224abfd5ba8]
Event: 38.516 Thread 0x00000224bc6ecdd0 5082       3       java.util.stream.SortedOps$OfRef::<init> (32 bytes)
Event: 38.516 Thread 0x00000224bc6ecdd0 nmethod 5082 0x00000224abfd5c90 code [0x00000224abfd5e80, 0x00000224abfd6348]
Event: 38.526 Thread 0x00000224bc6ecdd0 5084       3       java.lang.PublicMethods$MethodList::filter (104 bytes)
Event: 38.527 Thread 0x00000224bc6ecdd0 nmethod 5084 0x00000224abfd6510 code [0x00000224abfd6740, 0x00000224abfd7040]
Event: 38.531 Thread 0x00000224bc6ecdd0 5085       3       java.util.Comparator$$Lambda/0x00000224be1f8df8::compare (14 bytes)
Event: 38.531 Thread 0x00000224bc6ecdd0 nmethod 5085 0x00000224abfd7510 code [0x00000224abfd76e0, 0x00000224abfd7ad0]

GC Heap History (20 events):
Event: 21.256 GC heap before
{Heap before GC invocations=4 (full 0):
 PSYoungGen      total 29696K, used 29677K [0x00000000eab00000, 0x00000000ecc00000, 0x0000000100000000)
  eden space 25600K, 100% used [0x00000000eab00000,0x00000000ec400000,0x00000000ec400000)
  from space 4096K, 99% used [0x00000000ec400000,0x00000000ec7fb658,0x00000000ec800000)
  to   space 4096K, 0% used [0x00000000ec800000,0x00000000ec800000,0x00000000ecc00000)
 ParOldGen       total 68608K, used 5702K [0x00000000c0000000, 0x00000000c4300000, 0x00000000eab00000)
  object space 68608K, 8% used [0x00000000c0000000,0x00000000c0591888,0x00000000c4300000)
 Metaspace       used 12796K, committed 13312K, reserved 1114112K
  class space    used 1272K, committed 1536K, reserved 1048576K
}
Event: 21.262 GC heap after
{Heap after GC invocations=4 (full 0):
 PSYoungGen      total 29696K, used 4080K [0x00000000eab00000, 0x00000000ecc00000, 0x0000000100000000)
  eden space 25600K, 0% used [0x00000000eab00000,0x00000000eab00000,0x00000000ec400000)
  from space 4096K, 99% used [0x00000000ec800000,0x00000000ecbfc1c0,0x00000000ecc00000)
  to   space 4096K, 0% used [0x00000000ec400000,0x00000000ec400000,0x00000000ec800000)
 ParOldGen       total 68608K, used 7339K [0x00000000c0000000, 0x00000000c4300000, 0x00000000eab00000)
  object space 68608K, 10% used [0x00000000c0000000,0x00000000c072ad58,0x00000000c4300000)
 Metaspace       used 12796K, committed 13312K, reserved 1114112K
  class space    used 1272K, committed 1536K, reserved 1048576K
}
Event: 26.516 GC heap before
{Heap before GC invocations=5 (full 0):
 PSYoungGen      total 29696K, used 29680K [0x00000000eab00000, 0x00000000ecc00000, 0x0000000100000000)
  eden space 25600K, 100% used [0x00000000eab00000,0x00000000ec400000,0x00000000ec400000)
  from space 4096K, 99% used [0x00000000ec800000,0x00000000ecbfc1c0,0x00000000ecc00000)
  to   space 4096K, 0% used [0x00000000ec400000,0x00000000ec400000,0x00000000ec800000)
 ParOldGen       total 68608K, used 7339K [0x00000000c0000000, 0x00000000c4300000, 0x00000000eab00000)
  object space 68608K, 10% used [0x00000000c0000000,0x00000000c072ad58,0x00000000c4300000)
 Metaspace       used 16887K, committed 17536K, reserved 1114112K
  class space    used 1666K, committed 1920K, reserved 1048576K
}
Event: 26.527 GC heap after
{Heap after GC invocations=5 (full 0):
 PSYoungGen      total 29184K, used 4067K [0x00000000eab00000, 0x00000000ecf80000, 0x0000000100000000)
  eden space 25088K, 0% used [0x00000000eab00000,0x00000000eab00000,0x00000000ec380000)
  from space 4096K, 99% used [0x00000000ec400000,0x00000000ec7f8c30,0x00000000ec800000)
  to   space 6144K, 0% used [0x00000000ec980000,0x00000000ec980000,0x00000000ecf80000)
 ParOldGen       total 68608K, used 8888K [0x00000000c0000000, 0x00000000c4300000, 0x00000000eab00000)
  object space 68608K, 12% used [0x00000000c0000000,0x00000000c08ae328,0x00000000c4300000)
 Metaspace       used 16887K, committed 17536K, reserved 1114112K
  class space    used 1666K, committed 1920K, reserved 1048576K
}
Event: 29.931 GC heap before
{Heap before GC invocations=6 (full 0):
 PSYoungGen      total 29184K, used 29155K [0x00000000eab00000, 0x00000000ecf80000, 0x0000000100000000)
  eden space 25088K, 99% used [0x00000000eab00000,0x00000000ec37fff0,0x00000000ec380000)
  from space 4096K, 99% used [0x00000000ec400000,0x00000000ec7f8c30,0x00000000ec800000)
  to   space 6144K, 0% used [0x00000000ec980000,0x00000000ec980000,0x00000000ecf80000)
 ParOldGen       total 68608K, used 8888K [0x00000000c0000000, 0x00000000c4300000, 0x00000000eab00000)
  object space 68608K, 12% used [0x00000000c0000000,0x00000000c08ae328,0x00000000c4300000)
 Metaspace       used 19299K, committed 20160K, reserved 1114112K
  class space    used 1934K, committed 2304K, reserved 1048576K
}
Event: 29.936 GC heap after
{Heap after GC invocations=6 (full 0):
 PSYoungGen      total 29184K, used 4252K [0x00000000eab00000, 0x00000000ece00000, 0x0000000100000000)
  eden space 24576K, 0% used [0x00000000eab00000,0x00000000eab00000,0x00000000ec300000)
  from space 4608K, 92% used [0x00000000ec980000,0x00000000ecda7218,0x00000000ece00000)
  to   space 5120K, 0% used [0x00000000ec400000,0x00000000ec400000,0x00000000ec900000)
 ParOldGen       total 68608K, used 8888K [0x00000000c0000000, 0x00000000c4300000, 0x00000000eab00000)
  object space 68608K, 12% used [0x00000000c0000000,0x00000000c08ae328,0x00000000c4300000)
 Metaspace       used 19299K, committed 20160K, reserved 1114112K
  class space    used 1934K, committed 2304K, reserved 1048576K
}
Event: 31.393 GC heap before
{Heap before GC invocations=7 (full 0):
 PSYoungGen      total 29184K, used 13319K [0x00000000eab00000, 0x00000000ece00000, 0x0000000100000000)
  eden space 24576K, 36% used [0x00000000eab00000,0x00000000eb3dace0,0x00000000ec300000)
  from space 4608K, 92% used [0x00000000ec980000,0x00000000ecda7218,0x00000000ece00000)
  to   space 5120K, 0% used [0x00000000ec400000,0x00000000ec400000,0x00000000ec900000)
 ParOldGen       total 68608K, used 8888K [0x00000000c0000000, 0x00000000c4300000, 0x00000000eab00000)
  object space 68608K, 12% used [0x00000000c0000000,0x00000000c08ae328,0x00000000c4300000)
 Metaspace       used 20629K, committed 21504K, reserved 1114112K
  class space    used 2093K, committed 2432K, reserved 1048576K
}
Event: 31.405 GC heap after
{Heap after GC invocations=7 (full 0):
 PSYoungGen      total 28672K, used 3657K [0x00000000eab00000, 0x00000000ecb00000, 0x0000000100000000)
  eden space 24576K, 0% used [0x00000000eab00000,0x00000000eab00000,0x00000000ec300000)
  from space 4096K, 89% used [0x00000000ec400000,0x00000000ec792418,0x00000000ec800000)
  to   space 3072K, 0% used [0x00000000ec800000,0x00000000ec800000,0x00000000ecb00000)
 ParOldGen       total 68608K, used 10057K [0x00000000c0000000, 0x00000000c4300000, 0x00000000eab00000)
  object space 68608K, 14% used [0x00000000c0000000,0x00000000c09d24b8,0x00000000c4300000)
 Metaspace       used 20629K, committed 21504K, reserved 1114112K
  class space    used 2093K, committed 2432K, reserved 1048576K
}
Event: 31.405 GC heap before
{Heap before GC invocations=8 (full 1):
 PSYoungGen      total 28672K, used 3657K [0x00000000eab00000, 0x00000000ecb00000, 0x0000000100000000)
  eden space 24576K, 0% used [0x00000000eab00000,0x00000000eab00000,0x00000000ec300000)
  from space 4096K, 89% used [0x00000000ec400000,0x00000000ec792418,0x00000000ec800000)
  to   space 3072K, 0% used [0x00000000ec800000,0x00000000ec800000,0x00000000ecb00000)
 ParOldGen       total 68608K, used 10057K [0x00000000c0000000, 0x00000000c4300000, 0x00000000eab00000)
  object space 68608K, 14% used [0x00000000c0000000,0x00000000c09d24b8,0x00000000c4300000)
 Metaspace       used 20629K, committed 21504K, reserved 1114112K
  class space    used 2093K, committed 2432K, reserved 1048576K
}
Event: 31.594 GC heap after
{Heap after GC invocations=8 (full 1):
 PSYoungGen      total 28672K, used 0K [0x00000000eab00000, 0x00000000ecb00000, 0x0000000100000000)
  eden space 24576K, 0% used [0x00000000eab00000,0x00000000eab00000,0x00000000ec300000)
  from space 4096K, 0% used [0x00000000ec400000,0x00000000ec400000,0x00000000ec800000)
  to   space 3072K, 0% used [0x00000000ec800000,0x00000000ec800000,0x00000000ecb00000)
 ParOldGen       total 68608K, used 12990K [0x00000000c0000000, 0x00000000c4300000, 0x00000000eab00000)
  object space 68608K, 18% used [0x00000000c0000000,0x00000000c0caf958,0x00000000c4300000)
 Metaspace       used 20616K, committed 21504K, reserved 1114112K
  class space    used 2090K, committed 2432K, reserved 1048576K
}
Event: 33.151 GC heap before
{Heap before GC invocations=9 (full 1):
 PSYoungGen      total 28672K, used 24576K [0x00000000eab00000, 0x00000000ecb00000, 0x0000000100000000)
  eden space 24576K, 100% used [0x00000000eab00000,0x00000000ec300000,0x00000000ec300000)
  from space 4096K, 0% used [0x00000000ec400000,0x00000000ec400000,0x00000000ec800000)
  to   space 3072K, 0% used [0x00000000ec800000,0x00000000ec800000,0x00000000ecb00000)
 ParOldGen       total 68608K, used 12990K [0x00000000c0000000, 0x00000000c4300000, 0x00000000eab00000)
  object space 68608K, 18% used [0x00000000c0000000,0x00000000c0caf958,0x00000000c4300000)
 Metaspace       used 22639K, committed 23680K, reserved 1114112K
  class space    used 2264K, committed 2688K, reserved 1048576K
}
Event: 33.152 GC heap after
{Heap after GC invocations=9 (full 1):
 PSYoungGen      total 25088K, used 773K [0x00000000eab00000, 0x00000000ec900000, 0x0000000100000000)
  eden space 24064K, 0% used [0x00000000eab00000,0x00000000eab00000,0x00000000ec280000)
  from space 1024K, 75% used [0x00000000ec800000,0x00000000ec8c1400,0x00000000ec900000)
  to   space 2048K, 0% used [0x00000000ec500000,0x00000000ec500000,0x00000000ec700000)
 ParOldGen       total 68608K, used 12998K [0x00000000c0000000, 0x00000000c4300000, 0x00000000eab00000)
  object space 68608K, 18% used [0x00000000c0000000,0x00000000c0cb1958,0x00000000c4300000)
 Metaspace       used 22639K, committed 23680K, reserved 1114112K
  class space    used 2264K, committed 2688K, reserved 1048576K
}
Event: 33.923 GC heap before
{Heap before GC invocations=10 (full 1):
 PSYoungGen      total 25088K, used 24837K [0x00000000eab00000, 0x00000000ec900000, 0x0000000100000000)
  eden space 24064K, 100% used [0x00000000eab00000,0x00000000ec280000,0x00000000ec280000)
  from space 1024K, 75% used [0x00000000ec800000,0x00000000ec8c1400,0x00000000ec900000)
  to   space 2048K, 0% used [0x00000000ec500000,0x00000000ec500000,0x00000000ec700000)
 ParOldGen       total 68608K, used 12998K [0x00000000c0000000, 0x00000000c4300000, 0x00000000eab00000)
  object space 68608K, 18% used [0x00000000c0000000,0x00000000c0cb1958,0x00000000c4300000)
 Metaspace       used 26448K, committed 27392K, reserved 1114112K
  class space    used 2600K, committed 3008K, reserved 1048576K
}
Event: 33.927 GC heap after
{Heap after GC invocations=10 (full 1):
 PSYoungGen      total 25600K, used 1125K [0x00000000eab00000, 0x00000000ec880000, 0x0000000100000000)
  eden space 23552K, 0% used [0x00000000eab00000,0x00000000eab00000,0x00000000ec200000)
  from space 2048K, 54% used [0x00000000ec500000,0x00000000ec619400,0x00000000ec700000)
  to   space 1536K, 0% used [0x00000000ec700000,0x00000000ec700000,0x00000000ec880000)
 ParOldGen       total 68608K, used 13006K [0x00000000c0000000, 0x00000000c4300000, 0x00000000eab00000)
  object space 68608K, 18% used [0x00000000c0000000,0x00000000c0cb3958,0x00000000c4300000)
 Metaspace       used 26448K, committed 27392K, reserved 1114112K
  class space    used 2600K, committed 3008K, reserved 1048576K
}
Event: 34.761 GC heap before
{Heap before GC invocations=11 (full 1):
 PSYoungGen      total 25600K, used 24677K [0x00000000eab00000, 0x00000000ec880000, 0x0000000100000000)
  eden space 23552K, 100% used [0x00000000eab00000,0x00000000ec200000,0x00000000ec200000)
  from space 2048K, 54% used [0x00000000ec500000,0x00000000ec619400,0x00000000ec700000)
  to   space 1536K, 0% used [0x00000000ec700000,0x00000000ec700000,0x00000000ec880000)
 ParOldGen       total 68608K, used 13006K [0x00000000c0000000, 0x00000000c4300000, 0x00000000eab00000)
  object space 68608K, 18% used [0x00000000c0000000,0x00000000c0cb3958,0x00000000c4300000)
 Metaspace       used 28905K, committed 29888K, reserved 1114112K
  class space    used 2856K, committed 3264K, reserved 1048576K
}
Event: 34.765 GC heap after
{Heap after GC invocations=11 (full 1):
 PSYoungGen      total 24576K, used 1531K [0x00000000eab00000, 0x00000000ec880000, 0x0000000100000000)
  eden space 23040K, 0% used [0x00000000eab00000,0x00000000eab00000,0x00000000ec180000)
  from space 1536K, 99% used [0x00000000ec700000,0x00000000ec87eda0,0x00000000ec880000)
  to   space 3584K, 0% used [0x00000000ec180000,0x00000000ec180000,0x00000000ec500000)
 ParOldGen       total 68608K, used 14489K [0x00000000c0000000, 0x00000000c4300000, 0x00000000eab00000)
  object space 68608K, 21% used [0x00000000c0000000,0x00000000c0e266a8,0x00000000c4300000)
 Metaspace       used 28905K, committed 29888K, reserved 1114112K
  class space    used 2856K, committed 3264K, reserved 1048576K
}
Event: 36.768 GC heap before
{Heap before GC invocations=12 (full 1):
 PSYoungGen      total 24576K, used 24571K [0x00000000eab00000, 0x00000000ec880000, 0x0000000100000000)
  eden space 23040K, 100% used [0x00000000eab00000,0x00000000ec180000,0x00000000ec180000)
  from space 1536K, 99% used [0x00000000ec700000,0x00000000ec87eda0,0x00000000ec880000)
  to   space 3584K, 0% used [0x00000000ec180000,0x00000000ec180000,0x00000000ec500000)
 ParOldGen       total 68608K, used 14489K [0x00000000c0000000, 0x00000000c4300000, 0x00000000eab00000)
  object space 68608K, 21% used [0x00000000c0000000,0x00000000c0e266a8,0x00000000c4300000)
 Metaspace       used 30378K, committed 31360K, reserved 1114112K
  class space    used 2983K, committed 3392K, reserved 1048576K
}
Event: 36.771 GC heap after
{Heap after GC invocations=12 (full 1):
 PSYoungGen      total 26112K, used 983K [0x00000000eab00000, 0x00000000ec780000, 0x0000000100000000)
  eden space 22528K, 0% used [0x00000000eab00000,0x00000000eab00000,0x00000000ec100000)
  from space 3584K, 27% used [0x00000000ec180000,0x00000000ec275f48,0x00000000ec500000)
  to   space 2048K, 0% used [0x00000000ec580000,0x00000000ec580000,0x00000000ec780000)
 ParOldGen       total 68608K, used 15945K [0x00000000c0000000, 0x00000000c4300000, 0x00000000eab00000)
  object space 68608K, 23% used [0x00000000c0000000,0x00000000c0f92448,0x00000000c4300000)
 Metaspace       used 30378K, committed 31360K, reserved 1114112K
  class space    used 2983K, committed 3392K, reserved 1048576K
}
Event: 37.880 GC heap before
{Heap before GC invocations=13 (full 1):
 PSYoungGen      total 26112K, used 23511K [0x00000000eab00000, 0x00000000ec780000, 0x0000000100000000)
  eden space 22528K, 100% used [0x00000000eab00000,0x00000000ec100000,0x00000000ec100000)
  from space 3584K, 27% used [0x00000000ec180000,0x00000000ec275f48,0x00000000ec500000)
  to   space 2048K, 0% used [0x00000000ec580000,0x00000000ec580000,0x00000000ec780000)
 ParOldGen       total 68608K, used 15945K [0x00000000c0000000, 0x00000000c4300000, 0x00000000eab00000)
  object space 68608K, 23% used [0x00000000c0000000,0x00000000c0f92448,0x00000000c4300000)
 Metaspace       used 33134K, committed 34176K, reserved 1114112K
  class space    used 3299K, committed 3712K, reserved 1048576K
}
Event: 37.883 GC heap after
{Heap after GC invocations=13 (full 1):
 PSYoungGen      total 23552K, used 1280K [0x00000000eab00000, 0x00000000ec700000, 0x0000000100000000)
  eden space 22016K, 0% used [0x00000000eab00000,0x00000000eab00000,0x00000000ec080000)
  from space 1536K, 83% used [0x00000000ec580000,0x00000000ec6c0108,0x00000000ec700000)
  to   space 1536K, 0% used [0x00000000ec400000,0x00000000ec400000,0x00000000ec580000)
 ParOldGen       total 68608K, used 16691K [0x00000000c0000000, 0x00000000c4300000, 0x00000000eab00000)
  object space 68608K, 24% used [0x00000000c0000000,0x00000000c104cd68,0x00000000c4300000)
 Metaspace       used 33134K, committed 34176K, reserved 1114112K
  class space    used 3299K, committed 3712K, reserved 1048576K
}

Dll operation events (10 events):
Event: 0.161 Loaded shared library c:\Users\home\.vscode\extensions\redhat.java-1.39.0-win32-x64\jre\21.0.5-win32-x86_64\bin\java.dll
Event: 1.241 Loaded shared library c:\Users\home\.vscode\extensions\redhat.java-1.39.0-win32-x64\jre\21.0.5-win32-x86_64\bin\zip.dll
Event: 1.515 Loaded shared library C:\Users\home\.vscode\extensions\redhat.java-1.39.0-win32-x64\jre\21.0.5-win32-x86_64\bin\instrument.dll
Event: 1.574 Loaded shared library C:\Users\home\.vscode\extensions\redhat.java-1.39.0-win32-x64\jre\21.0.5-win32-x86_64\bin\net.dll
Event: 1.618 Loaded shared library C:\Users\home\.vscode\extensions\redhat.java-1.39.0-win32-x64\jre\21.0.5-win32-x86_64\bin\nio.dll
Event: 1.626 Loaded shared library C:\Users\home\.vscode\extensions\redhat.java-1.39.0-win32-x64\jre\21.0.5-win32-x86_64\bin\zip.dll
Event: 1.945 Loaded shared library C:\Users\home\.vscode\extensions\redhat.java-1.39.0-win32-x64\jre\21.0.5-win32-x86_64\bin\jimage.dll
Event: 2.780 Loaded shared library c:\Users\home\.vscode\extensions\redhat.java-1.39.0-win32-x64\jre\21.0.5-win32-x86_64\bin\verify.dll
Event: 15.256 Loaded shared library C:\Users\home\AppData\Roaming\Code\User\globalStorage\redhat.java\1.39.0\config_win\org.eclipse.equinox.launcher\org.eclipse.equinox.launcher.win32.win32.x86_64_1.2.1100.v20240722-2106\eclipse_11904.dll
Event: 26.362 Loaded shared library C:\Users\home\AppData\Local\Temp\jna-3208415\jna17278937759998037379.dll

Deoptimization events (20 events):
Event: 37.647 Thread 0x00000224fec5b570 Uncommon trap: trap_request=0xffffff45 fr.pc=0x00000224b315ef08 relative=0x0000000000000328
Event: 37.647 Thread 0x00000224fec5b570 Uncommon trap: reason=unstable_if action=reinterpret pc=0x00000224b315ef08 method=java.util.Properties.getProperty(Ljava/lang/String;)Ljava/lang/String; @ 36 c2
Event: 37.647 Thread 0x00000224fec5b570 DEOPT PACKING pc=0x00000224b315ef08 sp=0x0000006ee07fe630
Event: 37.647 Thread 0x00000224fec5b570 DEOPT UNPACKING pc=0x00000224b2ab3aa2 sp=0x0000006ee07fe5d8 mode 2
Event: 38.040 Thread 0x00000224fec5b570 Uncommon trap: trap_request=0xffffff45 fr.pc=0x00000224b32313f8 relative=0x0000000000000258
Event: 38.040 Thread 0x00000224fec5b570 Uncommon trap: reason=unstable_if action=reinterpret pc=0x00000224b32313f8 method=java.lang.AbstractStringBuilder.appendChars([CII)V @ 43 c2
Event: 38.040 Thread 0x00000224fec5b570 DEOPT PACKING pc=0x00000224b32313f8 sp=0x0000006ee07fe250
Event: 38.041 Thread 0x00000224fec5b570 DEOPT UNPACKING pc=0x00000224b2ab3aa2 sp=0x0000006ee07fe1c8 mode 2
Event: 38.041 Thread 0x00000224fec5b570 Uncommon trap: trap_request=0xffffff45 fr.pc=0x00000224b3268e58 relative=0x00000000000004d8
Event: 38.041 Thread 0x00000224fec5b570 Uncommon trap: reason=unstable_if action=reinterpret pc=0x00000224b3268e58 method=java.lang.String.getBytes([BIB)V @ 5 c2
Event: 38.041 Thread 0x00000224fec5b570 DEOPT PACKING pc=0x00000224b3268e58 sp=0x0000006ee07fe220
Event: 38.041 Thread 0x00000224fec5b570 DEOPT UNPACKING pc=0x00000224b2ab3aa2 sp=0x0000006ee07fe108 mode 2
Event: 38.078 Thread 0x00000224fec5b570 Uncommon trap: trap_request=0xffffff45 fr.pc=0x00000224b30b2848 relative=0x0000000000000128
Event: 38.078 Thread 0x00000224fec5b570 Uncommon trap: reason=unstable_if action=reinterpret pc=0x00000224b30b2848 method=jdk.internal.org.objectweb.asm.SymbolTable.put(Ljdk/internal/org/objectweb/asm/SymbolTable$Entry;)Ljdk/internal/org/objectweb/asm/SymbolTable$Entry; @ 13 c2
Event: 38.078 Thread 0x00000224fec5b570 DEOPT PACKING pc=0x00000224b30b2848 sp=0x0000006ee07fbe50
Event: 38.078 Thread 0x00000224fec5b570 DEOPT UNPACKING pc=0x00000224b2ab3aa2 sp=0x0000006ee07fbdb0 mode 2
Event: 38.279 Thread 0x00000224fec5b570 Uncommon trap: trap_request=0xffffff45 fr.pc=0x00000224b314eff4 relative=0x0000000000000394
Event: 38.279 Thread 0x00000224fec5b570 Uncommon trap: reason=unstable_if action=reinterpret pc=0x00000224b314eff4 method=java.lang.Integer.parseInt(Ljava/lang/String;I)I @ 119 c2
Event: 38.279 Thread 0x00000224fec5b570 DEOPT PACKING pc=0x00000224b314eff4 sp=0x0000006ee07fcd40
Event: 38.279 Thread 0x00000224fec5b570 DEOPT UNPACKING pc=0x00000224b2ab3aa2 sp=0x0000006ee07fcca8 mode 2

Classes loaded (20 events):
Event: 38.293 Loading class java/security/spec/InvalidKeySpecException
Event: 38.294 Loading class java/security/spec/InvalidKeySpecException done
Event: 38.294 Loading class javax/crypto/NoSuchPaddingException
Event: 38.296 Loading class javax/crypto/NoSuchPaddingException done
Event: 38.296 Loading class java/security/spec/InvalidParameterSpecException
Event: 38.296 Loading class java/security/spec/InvalidParameterSpecException done
Event: 38.297 Loading class javax/crypto/spec/PBEKeySpec
Event: 38.297 Loading class javax/crypto/spec/PBEKeySpec done
Event: 38.321 Loading class jdk/internal/reflect/MethodHandleBooleanFieldAccessorImpl
Event: 38.325 Loading class jdk/internal/reflect/MethodHandleBooleanFieldAccessorImpl done
Event: 38.365 Loading class sun/reflect/generics/tree/BottomSignature
Event: 38.366 Loading class sun/reflect/generics/tree/BottomSignature done
Event: 38.366 Loading class sun/reflect/generics/tree/Wildcard
Event: 38.366 Loading class sun/reflect/generics/tree/Wildcard done
Event: 38.366 Loading class sun/reflect/generics/reflectiveObjects/WildcardTypeImpl
Event: 38.366 Loading class sun/reflect/generics/reflectiveObjects/WildcardTypeImpl done
Event: 38.367 Loading class sun/reflect/annotation/AnnotatedTypeFactory$AnnotatedParameterizedTypeImpl
Event: 38.374 Loading class java/lang/reflect/AnnotatedParameterizedType
Event: 38.375 Loading class java/lang/reflect/AnnotatedParameterizedType done
Event: 38.375 Loading class sun/reflect/annotation/AnnotatedTypeFactory$AnnotatedParameterizedTypeImpl done

Classes unloaded (7 events):
Event: 31.496 Thread 0x00000224bc651940 Unloading class 0x00000224be1a3400 'java/lang/invoke/LambdaForm$MH+0x00000224be1a3400'
Event: 31.497 Thread 0x00000224bc651940 Unloading class 0x00000224be1a3000 'java/lang/invoke/LambdaForm$MH+0x00000224be1a3000'
Event: 31.497 Thread 0x00000224bc651940 Unloading class 0x00000224be1a2c00 'java/lang/invoke/LambdaForm$MH+0x00000224be1a2c00'
Event: 31.497 Thread 0x00000224bc651940 Unloading class 0x00000224be1a2800 'java/lang/invoke/LambdaForm$MH+0x00000224be1a2800'
Event: 31.497 Thread 0x00000224bc651940 Unloading class 0x00000224be1a2400 'java/lang/invoke/LambdaForm$BMH+0x00000224be1a2400'
Event: 31.497 Thread 0x00000224bc651940 Unloading class 0x00000224be1a2000 'java/lang/invoke/LambdaForm$DMH+0x00000224be1a2000'
Event: 31.497 Thread 0x00000224bc651940 Unloading class 0x00000224be1a0c00 'java/lang/invoke/LambdaForm$DMH+0x00000224be1a0c00'

Classes redefined (0 events):
No events

Internal exceptions (20 events):
Event: 31.716 Thread 0x00000224fec5b570 Exception <a 'java/lang/NoSuchMethodError'{0x00000000eac35b78}: 'java.lang.Object java.lang.invoke.Invokers$Holder.invoker(java.lang.Object, java.lang.Object, java.lang.Object, java.lang.Object, java.lang.Object, java.lang.Object, java.lang.Object, java.lang.Object, java.lang.Object, java.lang.Object, java.lang.Object, java.lang.Object, java.lang.Object)'> (0x00000000eac35b78) 
thrown [s\src\hotspot\share\interpreter\linkResolver.cpp, line 773]
Event: 31.717 Thread 0x00000224fec5b570 Exception <a 'java/lang/NoSuchMethodError'{0x00000000eac40010}: 'java.lang.Object java.lang.invoke.DelegatingMethodHandle$Holder.delegate(java.lang.Object, java.lang.Object, java.lang.Object, java.lang.Object, java.lang.Object, java.lang.Object, java.lang.Object, java.lang.Object, java.lang.Object, java.lang.Object, java.lang.Object, java.lang.Object, java.lang.Object)'> (0x00000000eac40010) 
thrown [s\src\hotspot\share\interpreter\linkResolver.cpp, line 773]
Event: 31.831 Thread 0x00000224fec5b570 Exception <a 'java/lang/NoSuchMethodError'{0x00000000eacadd88}: static Lorg/eclipse/m2e/core/internal/lifecyclemapping/model/PluginExecutionMetadata;.<clinit>()V> (0x00000000eacadd88) 
thrown [s\src\hotspot\share\prims\jni.cpp, line 1111]
Event: 31.920 Thread 0x00000224fec5b570 Exception <a 'java/lang/NoSuchMethodError'{0x00000000ead0afd0}: static Lorg/eclipse/m2e/core/internal/lifecyclemapping/model/PluginExecutionFilter;.<clinit>()V> (0x00000000ead0afd0) 
thrown [s\src\hotspot\share\prims\jni.cpp, line 1111]
Event: 31.947 Thread 0x00000224fec5b570 Exception <a 'java/lang/NoSuchMethodError'{0x00000000ead3bbe0}: static Lorg/eclipse/m2e/core/internal/project/registry/MavenProjectFacade$MavenProjectConfiguration;.<clinit>()V> (0x00000000ead3bbe0) 
thrown [s\src\hotspot\share\prims\jni.cpp, line 1111]
Event: 32.585 Thread 0x00000224fec5b570 Exception <a 'java/lang/NoSuchMethodError'{0x00000000eb03bae8}: 'double java.lang.invoke.DirectMethodHandle$Holder.invokeStatic(java.lang.Object, java.lang.Object)'> (0x00000000eb03bae8) 
thrown [s\src\hotspot\share\interpreter\linkResolver.cpp, line 773]
Event: 32.585 Thread 0x00000224fec5b570 Exception <a 'java/lang/NoSuchMethodError'{0x00000000eb03f1a8}: 'double java.lang.invoke.DirectMethodHandle$Holder.invokeStaticInit(java.lang.Object, java.lang.Object)'> (0x00000000eb03f1a8) 
thrown [s\src\hotspot\share\interpreter\linkResolver.cpp, line 773]
Event: 33.618 Thread 0x00000224842bcf70 Exception <a 'java/lang/NoSuchMethodError'{0x00000000eb808918}: 'java.lang.Object java.lang.invoke.DirectMethodHandle$Holder.invokeSpecialIFC(java.lang.Object, java.lang.Object, java.lang.Object, java.lang.Object)'> (0x00000000eb808918) 
thrown [s\src\hotspot\share\interpreter\linkResolver.cpp, line 773]
Event: 33.827 Thread 0x00000224fec5b570 Implicit null exception at 0x00000224b31dd775 to 0x00000224b31dd868
Event: 34.112 Thread 0x00000224842bcf70 Exception <a 'java/lang/NoSuchMethodError'{0x00000000eb589460}: 'int java.lang.invoke.DirectMethodHandle$Holder.invokeStatic(java.lang.Object, java.lang.Object, java.lang.Object, java.lang.Object, java.lang.Object)'> (0x00000000eb589460) 
thrown [s\src\hotspot\share\interpreter\linkResolver.cpp, line 773]
Event: 34.788 Thread 0x00000224fec5b570 Exception <a 'java/lang/NoSuchMethodError'{0x00000000eafb3550}: 'java.lang.Object java.lang.invoke.DirectMethodHandle$Holder.newInvokeSpecial(java.lang.Object, int, java.lang.Object, java.lang.Object)'> (0x00000000eafb3550) 
thrown [s\src\hotspot\share\interpreter\linkResolver.cpp, line 773]
Event: 35.519 Thread 0x00000224842bcf70 Exception <a 'java/lang/NoClassDefFoundError'{0x00000000eb472eb0}: javax/enterprise/inject/Typed> (0x00000000eb472eb0) 
thrown [s\src\hotspot\share\classfile\systemDictionary.cpp, line 301]
Event: 36.929 Thread 0x00000224fec5b570 Exception <a 'java/lang/ClassNotFoundException'{0x00000000ead3c250}: com/sun/org/apache/xerces/internal/impl/msg/spi/DOMMessagesProvider> (0x00000000ead3c250) 
thrown [s\src\hotspot\share\classfile\systemDictionary.cpp, line 312]
Event: 36.931 Thread 0x00000224fec5b570 Exception <a 'java/lang/ClassNotFoundException'{0x00000000ead4d9b8}: com/sun/org/apache/xerces/internal/impl/msg/spi/XMLSerializerMessagesProvider> (0x00000000ead4d9b8) 
thrown [s\src\hotspot\share\classfile\systemDictionary.cpp, line 312]
Event: 36.944 Thread 0x00000224fec5b570 Exception <a 'java/lang/ClassNotFoundException'{0x00000000ead5acd8}: com/sun/org/apache/xerces/internal/impl/msg/spi/XMLMessagesProvider> (0x00000000ead5acd8) 
thrown [s\src\hotspot\share\classfile\systemDictionary.cpp, line 312]
Event: 37.691 Thread 0x00000224fec5b570 Exception <a 'java/lang/ClassNotFoundException'{0x00000000eba81958}: com/sun/org/apache/xml/internal/serializer/spi/XMLEntitiesProvider> (0x00000000eba81958) 
thrown [s\src\hotspot\share\classfile\systemDictionary.cpp, line 312]
Event: 38.048 Thread 0x00000224fec5b570 Exception <a 'java/io/FileNotFoundException'{0x00000000eaf8fa10}> (0x00000000eaf8fa10) 
thrown [s\src\hotspot\share\prims\jni.cpp, line 520]
Event: 38.141 Thread 0x00000224fec5b570 Exception <a 'java/lang/UnsatisfiedLinkError'{0x00000000eb09ef60}: The specified procedure could not be found.
> (0x00000000eb09ef60) 
thrown [s\src\hotspot\share\prims\jni.cpp, line 539]
Event: 38.279 Thread 0x00000224fec5b570 Exception <a 'java/io/FileNotFoundException'{0x00000000eb0b5a08}> (0x00000000eb0b5a08) 
thrown [s\src\hotspot\share\prims\jni.cpp, line 520]
Event: 38.326 Thread 0x00000224fec5b570 Exception <a 'java/lang/UnsatisfiedLinkError'{0x00000000eb31bc48}: The specified procedure could not be found.
> (0x00000000eb31bc48) 
thrown [s\src\hotspot\share\prims\jni.cpp, line 539]

ZGC Phase Switch (0 events):
No events

VM Operations (20 events):
Event: 36.742 Executing VM operation: ParallelGCFailedAllocation (Allocation Failure)
Event: 36.771 Executing VM operation: ParallelGCFailedAllocation (Allocation Failure) done
Event: 37.256 Executing VM operation: HandshakeAllThreads (Deoptimize)
Event: 37.279 Executing VM operation: HandshakeAllThreads (Deoptimize) done
Event: 37.517 Executing VM operation: HandshakeAllThreads (Deoptimize)
Event: 37.517 Executing VM operation: HandshakeAllThreads (Deoptimize) done
Event: 37.686 Executing VM operation: HandshakeAllThreads (Deoptimize)
Event: 37.686 Executing VM operation: HandshakeAllThreads (Deoptimize) done
Event: 37.697 Executing VM operation: HandshakeAllThreads (Deoptimize)
Event: 37.697 Executing VM operation: HandshakeAllThreads (Deoptimize) done
Event: 37.809 Executing VM operation: HandshakeAllThreads (Deoptimize)
Event: 37.834 Executing VM operation: HandshakeAllThreads (Deoptimize) done
Event: 37.834 Executing VM operation: Cleanup
Event: 37.835 Executing VM operation: Cleanup done
Event: 37.873 Executing VM operation: ParallelGCFailedAllocation (Allocation Failure)
Event: 37.883 Executing VM operation: ParallelGCFailedAllocation (Allocation Failure) done
Event: 38.068 Executing VM operation: HandshakeAllThreads (Deoptimize)
Event: 38.068 Executing VM operation: HandshakeAllThreads (Deoptimize) done
Event: 38.549 Executing VM operation: HandshakeAllThreads (Deoptimize)
Event: 38.549 Executing VM operation: HandshakeAllThreads (Deoptimize) done

Memory protections (0 events):
No events

Nmethod flushes (0 events):
No events

Events (20 events):
Event: 0.611 Thread 0x00000224a612a990 Thread added: 0x00000224bc679f20
Event: 0.676 Thread 0x00000224a612a990 Thread added: 0x00000224bc6ecdd0
Event: 1.114 Thread 0x00000224a612a990 Thread added: 0x00000224fe5850a0
Event: 3.733 Thread 0x00000224a612a990 Thread added: 0x00000224fe7bd820
Event: 11.895 Thread 0x00000224a612a990 Thread added: 0x00000224febbdd40
Event: 14.084 Thread 0x00000224a612a990 Thread added: 0x00000224febb3090
Event: 14.700 Thread 0x00000224febb3090 Thread added: 0x00000224fe778d60
Event: 15.387 Thread 0x00000224a612a990 Thread added: 0x00000224fec5b570
Event: 17.325 Thread 0x00000224fec5b570 Thread added: 0x00000224feda9d50
Event: 18.327 Thread 0x00000224fec5b570 Thread added: 0x00000224842afe10
Event: 19.082 Thread 0x00000224fec5b570 Thread added: 0x00000224842f8230
Event: 22.207 Thread 0x00000224fec5b570 Thread added: 0x00000224842bf6d0
Event: 26.255 Thread 0x00000224842f8230 Thread exited: 0x00000224842f8230
Event: 26.484 Thread 0x00000224fec5b570 Thread added: 0x00000224842bfd60
Event: 26.557 Thread 0x00000224fec5b570 Thread added: 0x00000224842be9b0
Event: 26.702 Thread 0x00000224fec5b570 Thread added: 0x00000224842bc8e0
Event: 26.708 Thread 0x00000224fec5b570 Thread added: 0x00000224842bf040
Event: 27.042 Thread 0x00000224842bc8e0 Thread added: 0x00000224842bcf70
Event: 37.114 Thread 0x00000224fec5b570 Thread added: 0x00000224842bd600
Event: 37.476 Thread 0x00000224842bf040 Thread exited: 0x00000224842bf040


Dynamic libraries:
0x00007ff71e800000 - 0x00007ff71e80e000 	c:\Users\home\.vscode\extensions\redhat.java-1.39.0-win32-x64\jre\21.0.5-win32-x86_64\bin\java.exe
0x00007ffc96130000 - 0x00007ffc96347000 	C:\WINDOWS\SYSTEM32\ntdll.dll
0x00007ffc95430000 - 0x00007ffc954f4000 	C:\WINDOWS\System32\KERNEL32.DLL
0x00007ffc939d0000 - 0x00007ffc93d89000 	C:\WINDOWS\System32\KERNELBASE.dll
0x00007ffc936c0000 - 0x00007ffc937d1000 	C:\WINDOWS\System32\ucrtbase.dll
0x00007ffc83eb0000 - 0x00007ffc83ec8000 	c:\Users\home\.vscode\extensions\redhat.java-1.39.0-win32-x64\jre\21.0.5-win32-x86_64\bin\jli.dll
0x00007ffc94020000 - 0x00007ffc941ce000 	C:\WINDOWS\System32\USER32.dll
0x00007ffc93430000 - 0x00007ffc93456000 	C:\WINDOWS\System32\win32u.dll
0x00007ffc95b90000 - 0x00007ffc95bb9000 	C:\WINDOWS\System32\GDI32.dll
0x00007ffc938b0000 - 0x00007ffc939cb000 	C:\WINDOWS\System32\gdi32full.dll
0x00007ffc937e0000 - 0x00007ffc9387a000 	C:\WINDOWS\System32\msvcp_win.dll
0x00007ffc839b0000 - 0x00007ffc839ce000 	c:\Users\home\.vscode\extensions\redhat.java-1.39.0-win32-x64\jre\21.0.5-win32-x86_64\bin\VCRUNTIME140.dll
0x00007ffc7fc40000 - 0x00007ffc7fed2000 	C:\WINDOWS\WinSxS\amd64_microsoft.windows.common-controls_6595b64144ccf1df_6.0.22621.4391_none_2715d37f73803e96\COMCTL32.dll
0x00007ffc94360000 - 0x00007ffc94407000 	C:\WINDOWS\System32\msvcrt.dll
0x00007ffc95b50000 - 0x00007ffc95b81000 	C:\WINDOWS\System32\IMM32.DLL
0x00007ffc8f180000 - 0x00007ffc8f18c000 	c:\Users\home\.vscode\extensions\redhat.java-1.39.0-win32-x64\jre\21.0.5-win32-x86_64\bin\vcruntime140_1.dll
0x00007ffc7be30000 - 0x00007ffc7bebd000 	c:\Users\home\.vscode\extensions\redhat.java-1.39.0-win32-x64\jre\21.0.5-win32-x86_64\bin\msvcp140.dll
0x00007ffc4c150000 - 0x00007ffc4cedf000 	c:\Users\home\.vscode\extensions\redhat.java-1.39.0-win32-x64\jre\21.0.5-win32-x86_64\bin\server\jvm.dll
0x00007ffc947d0000 - 0x00007ffc94882000 	C:\WINDOWS\System32\ADVAPI32.dll
0x00007ffc941d0000 - 0x00007ffc94277000 	C:\WINDOWS\System32\sechost.dll
0x00007ffc93880000 - 0x00007ffc938a8000 	C:\WINDOWS\System32\bcrypt.dll
0x00007ffc94570000 - 0x00007ffc94684000 	C:\WINDOWS\System32\RPCRT4.dll
0x00007ffc94470000 - 0x00007ffc944e1000 	C:\WINDOWS\System32\WS2_32.dll
0x00007ffc93300000 - 0x00007ffc9334d000 	C:\WINDOWS\SYSTEM32\POWRPROF.dll
0x00007ffc8c710000 - 0x00007ffc8c744000 	C:\WINDOWS\SYSTEM32\WINMM.dll
0x00007ffc87b20000 - 0x00007ffc87b2a000 	C:\WINDOWS\SYSTEM32\VERSION.dll
0x00007ffc932e0000 - 0x00007ffc932f3000 	C:\WINDOWS\SYSTEM32\UMPDC.dll
0x00007ffc92430000 - 0x00007ffc92448000 	C:\WINDOWS\SYSTEM32\kernel.appcore.dll
0x00007ffc8f160000 - 0x00007ffc8f16a000 	c:\Users\home\.vscode\extensions\redhat.java-1.39.0-win32-x64\jre\21.0.5-win32-x86_64\bin\jimage.dll
0x00007ffc90cf0000 - 0x00007ffc90f22000 	C:\WINDOWS\SYSTEM32\DBGHELP.DLL
0x00007ffc956c0000 - 0x00007ffc95a4f000 	C:\WINDOWS\System32\combase.dll
0x00007ffc94690000 - 0x00007ffc94767000 	C:\WINDOWS\System32\OLEAUT32.dll
0x00007ffc77280000 - 0x00007ffc772b2000 	C:\WINDOWS\SYSTEM32\dbgcore.DLL
0x00007ffc93460000 - 0x00007ffc934db000 	C:\WINDOWS\System32\bcryptPrimitives.dll
0x00007ffc83640000 - 0x00007ffc8364f000 	c:\Users\home\.vscode\extensions\redhat.java-1.39.0-win32-x64\jre\21.0.5-win32-x86_64\bin\instrument.dll
0x00007ffc83570000 - 0x00007ffc8358f000 	c:\Users\home\.vscode\extensions\redhat.java-1.39.0-win32-x64\jre\21.0.5-win32-x86_64\bin\java.dll
0x00007ffc94890000 - 0x00007ffc95106000 	C:\WINDOWS\System32\SHELL32.dll
0x00007ffc91320000 - 0x00007ffc91c23000 	C:\WINDOWS\SYSTEM32\windows.storage.dll
0x00007ffc911e0000 - 0x00007ffc9131f000 	C:\WINDOWS\SYSTEM32\wintypes.dll
0x00007ffc95a50000 - 0x00007ffc95b49000 	C:\WINDOWS\System32\SHCORE.dll
0x00007ffc94770000 - 0x00007ffc947ce000 	C:\WINDOWS\System32\shlwapi.dll
0x00007ffc93360000 - 0x00007ffc9338b000 	C:\WINDOWS\SYSTEM32\profapi.dll
0x00007ffc83550000 - 0x00007ffc83568000 	c:\Users\home\.vscode\extensions\redhat.java-1.39.0-win32-x64\jre\21.0.5-win32-x86_64\bin\zip.dll
0x00007ffc83630000 - 0x00007ffc83640000 	C:\Users\home\.vscode\extensions\redhat.java-1.39.0-win32-x64\jre\21.0.5-win32-x86_64\bin\net.dll
0x00007ffc8a010000 - 0x00007ffc8a146000 	C:\WINDOWS\SYSTEM32\WINHTTP.dll
0x00007ffc928b0000 - 0x00007ffc92919000 	C:\WINDOWS\system32\mswsock.dll
0x00007ffc83310000 - 0x00007ffc83326000 	C:\Users\home\.vscode\extensions\redhat.java-1.39.0-win32-x64\jre\21.0.5-win32-x86_64\bin\nio.dll
0x00007ffc83480000 - 0x00007ffc83490000 	c:\Users\home\.vscode\extensions\redhat.java-1.39.0-win32-x64\jre\21.0.5-win32-x86_64\bin\verify.dll
0x00007ffc7bf90000 - 0x00007ffc7bfd5000 	C:\Users\home\AppData\Roaming\Code\User\globalStorage\redhat.java\1.39.0\config_win\org.eclipse.equinox.launcher\org.eclipse.equinox.launcher.win32.win32.x86_64_1.2.1100.v20240722-2106\eclipse_11904.dll
0x00007ffc95500000 - 0x00007ffc956a5000 	C:\WINDOWS\System32\ole32.dll
0x00007ffc92b40000 - 0x00007ffc92b5b000 	C:\WINDOWS\SYSTEM32\CRYPTSP.dll
0x00007ffc92390000 - 0x00007ffc923c5000 	C:\WINDOWS\system32\rsaenh.dll
0x00007ffc929c0000 - 0x00007ffc929e8000 	C:\WINDOWS\SYSTEM32\USERENV.dll
0x00007ffc92b60000 - 0x00007ffc92b6c000 	C:\WINDOWS\SYSTEM32\CRYPTBASE.dll
0x00007ffc91e90000 - 0x00007ffc91ebd000 	C:\WINDOWS\SYSTEM32\IPHLPAPI.DLL
0x00007ffc951c0000 - 0x00007ffc951c9000 	C:\WINDOWS\System32\NSI.dll
0x00007ffc73410000 - 0x00007ffc73459000 	C:\Users\home\AppData\Local\Temp\jna-3208415\jna17278937759998037379.dll
0x00007ffc94280000 - 0x00007ffc94288000 	C:\WINDOWS\System32\PSAPI.DLL
0x00007ffc89e90000 - 0x00007ffc89ea9000 	C:\WINDOWS\SYSTEM32\dhcpcsvc6.DLL
0x00007ffc89e70000 - 0x00007ffc89e8f000 	C:\WINDOWS\SYSTEM32\dhcpcsvc.DLL

dbghelp: loaded successfully - version: 4.0.5 - missing functions: none
symbol engine: initialized successfully - sym options: 0x614 - pdb path: .;c:\Users\home\.vscode\extensions\redhat.java-1.39.0-win32-x64\jre\21.0.5-win32-x86_64\bin;C:\WINDOWS\SYSTEM32;C:\WINDOWS\WinSxS\amd64_microsoft.windows.common-controls_6595b64144ccf1df_6.0.22621.4391_none_2715d37f73803e96;c:\Users\home\.vscode\extensions\redhat.java-1.39.0-win32-x64\jre\21.0.5-win32-x86_64\bin\server;C:\Users\home\AppData\Roaming\Code\User\globalStorage\redhat.java\1.39.0\config_win\org.eclipse.equinox.launcher\org.eclipse.equinox.launcher.win32.win32.x86_64_1.2.1100.v20240722-2106;C:\Users\home\AppData\Local\Temp\jna-3208415

VM Arguments:
jvm_args: --add-modules=ALL-SYSTEM --add-opens=java.base/java.util=ALL-UNNAMED --add-opens=java.base/java.lang=ALL-UNNAMED --add-opens=java.base/sun.nio.fs=ALL-UNNAMED -Declipse.application=org.eclipse.jdt.ls.core.id1 -Dosgi.bundles.defaultStartLevel=4 -Declipse.product=org.eclipse.jdt.ls.core.product -Djava.import.generatesMetadataFilesAtProjectRoot=false -DDetectVMInstallationsJob.disabled=true -Dfile.encoding=utf8 -XX:+UseParallelGC -XX:GCTimeRatio=4 -XX:AdaptiveSizePolicyWeight=90 -Dsun.zip.disableMemoryMapping=true -Xmx1G -Xms100m -Xlog:disable -javaagent:c:\Users\home\.vscode\extensions\redhat.java-1.39.0-win32-x64\lombok\lombok-1.18.34.jar -XX:+HeapDumpOnOutOfMemoryError -XX:HeapDumpPath=c:\Users\home\AppData\Roaming\Code\User\workspaceStorage\508c973921c4df5759291c9593d67734\redhat.java -Daether.dependencyCollector.impl=bf 
java_command: c:\Users\home\.vscode\extensions\redhat.java-1.39.0-win32-x64\server\plugins\org.eclipse.equinox.launcher_1.6.900.v20240613-2009.jar -configuration c:\Users\home\AppData\Roaming\Code\User\globalStorage\redhat.java\1.39.0\config_win -data c:\Users\home\AppData\Roaming\Code\User\workspaceStorage\508c973921c4df5759291c9593d67734\redhat.java\jdt_ws --pipe=\\.\pipe\lsp-f5d963ccedbbcb55cff52fb0f427c45f-sock
java_class_path (initial): c:\Users\home\.vscode\extensions\redhat.java-1.39.0-win32-x64\server\plugins\org.eclipse.equinox.launcher_1.6.900.v20240613-2009.jar
Launcher Type: SUN_STANDARD

[Global flags]
    uintx AdaptiveSizePolicyWeight                 = 90                                        {product} {command line}
     intx CICompilerCount                          = 3                                         {product} {ergonomic}
    uintx GCTimeRatio                              = 4                                         {product} {command line}
     bool HeapDumpOnOutOfMemoryError               = true                                   {manageable} {command line}
    ccstr HeapDumpPath                             = c:\Users\home\AppData\Roaming\Code\User\workspaceStorage\508c973921c4df5759291c9593d67734\redhat.java         {manageable} {command line}
   size_t InitialHeapSize                          = 104857600                                 {product} {command line}
   size_t MaxHeapSize                              = 1073741824                                {product} {command line}
   size_t MaxNewSize                               = 357564416                                 {product} {ergonomic}
   size_t MinHeapDeltaBytes                        = 524288                                    {product} {ergonomic}
   size_t MinHeapSize                              = 104857600                                 {product} {command line}
   size_t NewSize                                  = 34603008                                  {product} {ergonomic}
    uintx NonNMethodCodeHeapSize                   = 5832780                                {pd product} {ergonomic}
    uintx NonProfiledCodeHeapSize                  = 122912730                              {pd product} {ergonomic}
   size_t OldSize                                  = 70254592                                  {product} {ergonomic}
    uintx ProfiledCodeHeapSize                     = 122912730                              {pd product} {ergonomic}
    uintx ReservedCodeCacheSize                    = 251658240                              {pd product} {ergonomic}
     bool SegmentedCodeCache                       = true                                      {product} {ergonomic}
   size_t SoftMaxHeapSize                          = 1073741824                             {manageable} {ergonomic}
     bool UseCompressedOops                        = true                           {product lp64_product} {ergonomic}
     bool UseLargePagesIndividualAllocation        = false                                  {pd product} {ergonomic}
     bool UseParallelGC                            = true                                      {product} {command line}

Logging:
Log output configuration:
 #0: stdout all=off uptime,level,tags foldmultilines=false
 #1: stderr all=off uptime,level,tags foldmultilines=false

Environment Variables:
JAVA_HOME=C:\Program Files\Java\jdk1.8.0_311
PATH=C:\Python312\Scripts\;C:\Python312\;C:\Program Files\Common Files\Oracle\Java\javapath;C:\oraclexe\app\oracle\product\10.2.0\server\bin;C:\Program Files (x86)\Common Files\Oracle\Java\javapath;C:\WINDOWS\system32;C:\WINDOWS;C:\WINDOWS\System32\Wbem;C:\WINDOWS\System32\WindowsPowerShell\v1.0\;C:\WINDOWS\System32\OpenSSH\;C:\Program Files\Java\jdk1.8.0_311\bin;C:\Program Files\Git\cmd;C:\Program Files\TortoiseGit\bin;C:\Program Files\apache-maven-3.9.6\bin;C:\Program Files\MySQL\MySQL Server 8.0\bin;C:\kafka\bin;C:\Program Files\MongoDB\Server\7.0\bin;C:\ProgramData\chocolatey\bin;C:\Program Files\nodejs\;C:\Program Files\MySQL\MySQL Shell 8.0\bin\;C:\Users\home\AppData\Local\Microsoft\WindowsApps;C:\Users\home\AppData\Local\Programs\Microsoft VS Code\bin;C:\Users\home\AppData\Local\GitHubDesktop\bin;C:\Program Files\heroku\bin;C:\Program Files\MongoDB\Server\6.0\bin;C:\Users\home\AppData\Local\Programs\mongosh\;C:\Users\home\AppData\Local\Microsoft\WinGet\Packages\Schniz.fnm_Microsoft.Winget.Source_8wekyb3d8bbwe;C:\Users\home\AppData\Roaming\npm
USERNAME=home
OS=Windows_NT
PROCESSOR_IDENTIFIER=Intel64 Family 6 Model 142 Stepping 12, GenuineIntel
TMP=C:\Users\home\AppData\Local\Temp
TEMP=C:\Users\home\AppData\Local\Temp




Periodic native trim disabled

---------------  S Y S T E M  ---------------

OS:
 Windows 11 , 64 bit Build 22621 (10.0.22621.4391)
OS uptime: 30 days 5:03 hours
Hyper-V role detected

CPU: total 4 (initial active 4) (2 cores per cpu, 2 threads per core) family 6 model 142 stepping 12 microcode 0xec, cx8, cmov, fxsr, ht, mmx, 3dnowpref, sse, sse2, sse3, ssse3, sse4.1, sse4.2, popcnt, lzcnt, tsc, tscinvbit, avx, avx2, aes, erms, clmul, bmi1, bmi2, adx, fma, vzeroupper, clflush, clflushopt, hv, rdtscp, f16c
Processor Information for all 4 processors :
  Max Mhz: 2592, Current Mhz: 2093, Mhz Limit: 2073

Memory: 4k page, system-wide physical 3930M (114M free)
TotalPageFile size 16218M (AvailPageFile size 6M)
current process WorkingSet (physical memory assigned to process): 167M, peak: 168M
current process commit charge ("private bytes"): 262M, peak: 263M

vm_info: OpenJDK 64-Bit Server VM (21.0.5+11-LTS) for windows-amd64 JRE (21.0.5+11-LTS), built on 2024-10-15T00:00:00Z by "admin" with MS VC++ 17.7 (VS2022)

END.
