#
# There is insufficient memory for the Java Runtime Environment to continue.
# Native memory allocation (malloc) failed to allocate 32744 bytes for ChunkPool::allocate
# Possible reasons:
#   The system is out of physical RAM or swap space
#   The process is running with CompressedOops enabled, and the Java Heap may be blocking the growth of the native heap
# Possible solutions:
#   Reduce memory load on the system
#   Increase physical memory or swap space
#   Check if swap backing store is full
#   Decrease Java heap size (-Xmx/-Xms)
#   Decrease number of Java threads
#   Decrease Java thread stack sizes (-Xss)
#   Set larger code cache with -XX:ReservedCodeCacheSize=
#   JVM is running with Unscaled Compressed Oops mode in which the Java heap is
#     placed in the first 4GB address space. The Java Heap base address is the
#     maximum limit for the native heap growth. Please use -XX:HeapBaseMinAddress
#     to set the Java Heap base and to place the Java Heap above 4GB virtual address.
# This output file may be truncated or incomplete.
#
#  Out of Memory Error (allocation.cpp:272), pid=13856, tid=0x0000000000000268
#
# JRE version: Java(TM) SE Runtime Environment (8.0_311-b11) (build 1.8.0_311-b11)
# Java VM: Java HotSpot(TM) 64-Bit Server VM (25.311-b11 mixed mode windows-amd64 compressed oops)
# Failed to write core dump. Minidumps are not enabled by default on client versions of Windows
#

---------------  T H R E A D  ---------------

Current thread (0x0000012b954b9800):  JavaThread "C1 CompilerThread2" daemon [_thread_in_native, id=616, stack(0x0000001413200000,0x0000001413300000)]

Stack: [0x0000001413200000,0x0000001413300000]
Native frames: (J=compiled Java code, j=interpreted, Vv=VM code, C=native code)
V  [jvm.dll+0x32f239]
V  [jvm.dll+0x275882]
V  [jvm.dll+0x27652d]
V  [jvm.dll+0x26cf65]
V  [jvm.dll+0xd5a2d]
V  [jvm.dll+0xd5d8c]
V  [jvm.dll+0x3fb529]
V  [jvm.dll+0x3fd8e9]
V  [jvm.dll+0x3e12ff]
V  [jvm.dll+0x3e0b6d]
V  [jvm.dll+0x3e0d4e]
V  [jvm.dll+0x3e04a1]
V  [jvm.dll+0x3e1edf]
V  [jvm.dll+0xac22b]
V  [jvm.dll+0xaa88b]
V  [jvm.dll+0x23df22]
V  [jvm.dll+0x29253c]
C  [ucrtbase.dll+0x29333]
C  [KERNEL32.DLL+0x1259d]
C  [ntdll.dll+0x5af38]


Current CompileTask:
C1:  22463 3266   !   3       org.apache.maven.model.MailingList::clone (105 bytes)


---------------  P R O C E S S  ---------------

Java Threads: ( => current thread )
  0x0000012b9552f800 JavaThread "Service Thread" daemon [_thread_blocked, id=26084, stack(0x0000001413300000,0x0000001413400000)]
=>0x0000012b954b9800 JavaThread "C1 CompilerThread2" daemon [_thread_in_native, id=616, stack(0x0000001413200000,0x0000001413300000)]
  0x0000012b954a4800 JavaThread "C2 CompilerThread1" daemon [_thread_in_native, id=6776, stack(0x0000001413100000,0x0000001413200000)]
  0x0000012b95490000 JavaThread "C2 CompilerThread0" daemon [_thread_blocked, id=26240, stack(0x0000001413000000,0x0000001413100000)]
  0x0000012b954a2000 JavaThread "Attach Listener" daemon [_thread_blocked, id=10020, stack(0x0000001412f00000,0x0000001413000000)]
  0x0000012b954a1000 JavaThread "Signal Dispatcher" daemon [_thread_blocked, id=4012, stack(0x0000001412e00000,0x0000001412f00000)]
  0x0000012b9547c800 JavaThread "Finalizer" daemon [_thread_blocked, id=22848, stack(0x0000001412d00000,0x0000001412e00000)]
  0x0000012b95476000 JavaThread "Reference Handler" daemon [_thread_blocked, id=16804, stack(0x0000001412c00000,0x0000001412d00000)]
  0x0000012b8136a000 JavaThread "main" [_thread_in_native, id=33448, stack(0x0000001412600000,0x0000001412700000)]

Other Threads:
  0x0000012b95451800 VMThread [stack: 0x0000001412b00000,0x0000001412c00000] [id=7420]
  0x0000012b95533800 WatcherThread [stack: 0x0000001413400000,0x0000001413500000] [id=34784]

VM state:not at safepoint (normal execution)

VM Mutex/Monitor currently owned by a thread: None

heap address: 0x00000000c2800000, size: 984 MB, Compressed Oops mode: 32-bit
Narrow klass base: 0x0000000000000000, Narrow klass shift: 3
Compressed class space size: 1073741824 Address: 0x0000000100000000

Heap:
 PSYoungGen      total 37888K, used 20936K [0x00000000eb800000, 0x00000000efc00000, 0x0000000100000000)
  eden space 28160K, 39% used [0x00000000eb800000,0x00000000ec2f2358,0x00000000ed380000)
  from space 9728K, 100% used [0x00000000ed380000,0x00000000edd00000,0x00000000edd00000)
  to   space 12288K, 0% used [0x00000000ef000000,0x00000000ef000000,0x00000000efc00000)
 ParOldGen       total 42496K, used 16496K [0x00000000c2800000, 0x00000000c5180000, 0x00000000eb800000)
  object space 42496K, 38% used [0x00000000c2800000,0x00000000c381c0d0,0x00000000c5180000)
 Metaspace       used 19682K, capacity 20398K, committed 20608K, reserved 1067008K
  class space    used 2416K, capacity 2603K, committed 2688K, reserved 1048576K

Card table byte_map: [0x0000012b92060000,0x0000012b92250000] byte_map_base: 0x0000012b91a4c000

Marking Bits: (ParMarkBitMap*) 0x00000000754f8030
 Begin Bits: [0x0000012b923a0000, 0x0000012b93300000)
 End Bits:   [0x0000012b93300000, 0x0000012b94260000)

Polling page: 0x0000012b81490000

CodeCache: size=245760Kb used=9222Kb max_used=10427Kb free=236537Kb
 bounds [0x0000012b82ca0000, 0x0000012b836e0000, 0x0000012b91ca0000]
 total_blobs=3297 nmethods=2903 adapters=305
 compilation: enabled

Compilation events (10 events):
Event: 22.402 Thread 0x0000012b954b9800 nmethod 3261 0x0000012b8327fb50 code [0x0000012b8327fcc0, 0x0000012b8327fed0]
Event: 22.402 Thread 0x0000012b954b9800 3262       3       com.google.common.collect.LinkedHashMultimap::removeAll (6 bytes)
Event: 22.403 Thread 0x0000012b954b9800 nmethod 3262 0x0000012b83270150 code [0x0000012b832702c0, 0x0000012b832705b0]
Event: 22.403 Thread 0x0000012b954b9800 3263       3       com.google.common.collect.AbstractSetMultimap::removeAll (9 bytes)
Event: 22.403 Thread 0x0000012b954b9800 nmethod 3263 0x0000012b8326fc90 code [0x0000012b8326fe00, 0x0000012b83270090]
Event: 22.405 Thread 0x0000012b954b9800 3264       3       org.eclipse.aether.DefaultRepositoryCache::get (11 bytes)
Event: 22.406 Thread 0x0000012b954b9800 nmethod 3264 0x0000012b8326f7d0 code [0x0000012b8326f940, 0x0000012b8326fb70]
Event: 22.414 Thread 0x0000012b954b9800 3265       3       java.util.HashSet::add (20 bytes)
Event: 22.415 Thread 0x0000012b954b9800 nmethod 3265 0x0000012b82dca850 code [0x0000012b82dca9c0, 0x0000012b82dcac50]
Event: 22.416 Thread 0x0000012b954b9800 3266   !   3       org.apache.maven.model.MailingList::clone (105 bytes)

GC Heap History (10 events):
Event: 6.202 GC heap before
{Heap before GC invocations=5 (full 0):
 PSYoungGen      total 18432K, used 18400K [0x00000000eb800000, 0x00000000edc00000, 0x0000000100000000)
  eden space 15872K, 100% used [0x00000000eb800000,0x00000000ec780000,0x00000000ec780000)
  from space 2560K, 98% used [0x00000000eca00000,0x00000000ecc78020,0x00000000ecc80000)
  to   space 2560K, 0% used [0x00000000ec780000,0x00000000ec780000,0x00000000eca00000)
 ParOldGen       total 42496K, used 6290K [0x00000000c2800000, 0x00000000c5180000, 0x00000000eb800000)
  object space 42496K, 14% used [0x00000000c2800000,0x00000000c2e24838,0x00000000c5180000)
 Metaspace       used 14390K, capacity 14704K, committed 14848K, reserved 1062912K
  class space    used 1799K, capacity 1928K, committed 2048K, reserved 1048576K
Event: 6.212 GC heap after
Heap after GC invocations=5 (full 0):
 PSYoungGen      total 18432K, used 2528K [0x00000000eb800000, 0x00000000ee200000, 0x0000000100000000)
  eden space 15872K, 0% used [0x00000000eb800000,0x00000000eb800000,0x00000000ec780000)
  from space 2560K, 98% used [0x00000000ec780000,0x00000000ec9f8020,0x00000000eca00000)
  to   space 5632K, 0% used [0x00000000edc80000,0x00000000edc80000,0x00000000ee200000)
 ParOldGen       total 42496K, used 8924K [0x00000000c2800000, 0x00000000c5180000, 0x00000000eb800000)
  object space 42496K, 21% used [0x00000000c2800000,0x00000000c30b7120,0x00000000c5180000)
 Metaspace       used 14390K, capacity 14704K, committed 14848K, reserved 1062912K
  class space    used 1799K, capacity 1928K, committed 2048K, reserved 1048576K
}
Event: 7.373 GC heap before
{Heap before GC invocations=6 (full 0):
 PSYoungGen      total 18432K, used 18400K [0x00000000eb800000, 0x00000000ee200000, 0x0000000100000000)
  eden space 15872K, 100% used [0x00000000eb800000,0x00000000ec780000,0x00000000ec780000)
  from space 2560K, 98% used [0x00000000ec780000,0x00000000ec9f8020,0x00000000eca00000)
  to   space 5632K, 0% used [0x00000000edc80000,0x00000000edc80000,0x00000000ee200000)
 ParOldGen       total 42496K, used 8924K [0x00000000c2800000, 0x00000000c5180000, 0x00000000eb800000)
  object space 42496K, 21% used [0x00000000c2800000,0x00000000c30b7120,0x00000000c5180000)
 Metaspace       used 16436K, capacity 16840K, committed 16896K, reserved 1064960K
  class space    used 2096K, capacity 2270K, committed 2304K, reserved 1048576K
Event: 7.382 GC heap after
Heap after GC invocations=6 (full 0):
 PSYoungGen      total 36864K, used 4920K [0x00000000eb800000, 0x00000000ee300000, 0x0000000100000000)
  eden space 31232K, 0% used [0x00000000eb800000,0x00000000eb800000,0x00000000ed680000)
  from space 5632K, 87% used [0x00000000edc80000,0x00000000ee14e190,0x00000000ee200000)
  to   space 6144K, 0% used [0x00000000ed680000,0x00000000ed680000,0x00000000edc80000)
 ParOldGen       total 42496K, used 8932K [0x00000000c2800000, 0x00000000c5180000, 0x00000000eb800000)
  object space 42496K, 21% used [0x00000000c2800000,0x00000000c30b9120,0x00000000c5180000)
 Metaspace       used 16436K, capacity 16840K, committed 16896K, reserved 1064960K
  class space    used 2096K, capacity 2270K, committed 2304K, reserved 1048576K
}
Event: 19.592 GC heap before
{Heap before GC invocations=7 (full 0):
 PSYoungGen      total 36864K, used 36152K [0x00000000eb800000, 0x00000000ee300000, 0x0000000100000000)
  eden space 31232K, 100% used [0x00000000eb800000,0x00000000ed680000,0x00000000ed680000)
  from space 5632K, 87% used [0x00000000edc80000,0x00000000ee14e190,0x00000000ee200000)
  to   space 6144K, 0% used [0x00000000ed680000,0x00000000ed680000,0x00000000edc80000)
 ParOldGen       total 42496K, used 8932K [0x00000000c2800000, 0x00000000c5180000, 0x00000000eb800000)
  object space 42496K, 21% used [0x00000000c2800000,0x00000000c30b9120,0x00000000c5180000)
 Metaspace       used 18964K, capacity 19560K, committed 19712K, reserved 1067008K
  class space    used 2347K, capacity 2522K, committed 2560K, reserved 1048576K
Event: 19.639 GC heap after
Heap after GC invocations=7 (full 0):
 PSYoungGen      total 36352K, used 6128K [0x00000000eb800000, 0x00000000ee480000, 0x0000000100000000)
  eden space 30208K, 0% used [0x00000000eb800000,0x00000000eb800000,0x00000000ed580000)
  from space 6144K, 99% used [0x00000000ed680000,0x00000000edc7c010,0x00000000edc80000)
  to   space 7680K, 0% used [0x00000000edd00000,0x00000000edd00000,0x00000000ee480000)
 ParOldGen       total 42496K, used 10881K [0x00000000c2800000, 0x00000000c5180000, 0x00000000eb800000)
  object space 42496K, 25% used [0x00000000c2800000,0x00000000c32a06d8,0x00000000c5180000)
 Metaspace       used 18964K, capacity 19560K, committed 19712K, reserved 1067008K
  class space    used 2347K, capacity 2522K, committed 2560K, reserved 1048576K
}
Event: 21.350 GC heap before
{Heap before GC invocations=8 (full 0):
 PSYoungGen      total 36352K, used 36336K [0x00000000eb800000, 0x00000000ee480000, 0x0000000100000000)
  eden space 30208K, 100% used [0x00000000eb800000,0x00000000ed580000,0x00000000ed580000)
  from space 6144K, 99% used [0x00000000ed680000,0x00000000edc7c010,0x00000000edc80000)
  to   space 7680K, 0% used [0x00000000edd00000,0x00000000edd00000,0x00000000ee480000)
 ParOldGen       total 42496K, used 10881K [0x00000000c2800000, 0x00000000c5180000, 0x00000000eb800000)
  object space 42496K, 25% used [0x00000000c2800000,0x00000000c32a06d8,0x00000000c5180000)
 Metaspace       used 19436K, capacity 20064K, committed 20352K, reserved 1067008K
  class space    used 2392K, capacity 2562K, committed 2688K, reserved 1048576K
Event: 21.423 GC heap after
Heap after GC invocations=8 (full 0):
 PSYoungGen      total 35840K, used 7668K [0x00000000eb800000, 0x00000000f0600000, 0x0000000100000000)
  eden space 28160K, 0% used [0x00000000eb800000,0x00000000eb800000,0x00000000ed380000)
  from space 7680K, 99% used [0x00000000edd00000,0x00000000ee47d2a8,0x00000000ee480000)
  to   space 9728K, 0% used [0x00000000ed380000,0x00000000ed380000,0x00000000edd00000)
 ParOldGen       total 42496K, used 13174K [0x00000000c2800000, 0x00000000c5180000, 0x00000000eb800000)
  object space 42496K, 31% used [0x00000000c2800000,0x00000000c34dd880,0x00000000c5180000)
 Metaspace       used 19436K, capacity 20064K, committed 20352K, reserved 1067008K
  class space    used 2392K, capacity 2562K, committed 2688K, reserved 1048576K
}
Event: 21.800 GC heap before
{Heap before GC invocations=9 (full 0):
 PSYoungGen      total 35840K, used 35828K [0x00000000eb800000, 0x00000000f0600000, 0x0000000100000000)
  eden space 28160K, 100% used [0x00000000eb800000,0x00000000ed380000,0x00000000ed380000)
  from space 7680K, 99% used [0x00000000edd00000,0x00000000ee47d2a8,0x00000000ee480000)
  to   space 9728K, 0% used [0x00000000ed380000,0x00000000ed380000,0x00000000edd00000)
 ParOldGen       total 42496K, used 13174K [0x00000000c2800000, 0x00000000c5180000, 0x00000000eb800000)
  object space 42496K, 31% used [0x00000000c2800000,0x00000000c34dd880,0x00000000c5180000)
 Metaspace       used 19481K, capacity 20074K, committed 20352K, reserved 1067008K
  class space    used 2392K, capacity 2563K, committed 2688K, reserved 1048576K
Event: 21.815 GC heap after
Heap after GC invocations=9 (full 0):
 PSYoungGen      total 37888K, used 9728K [0x00000000eb800000, 0x00000000efc00000, 0x0000000100000000)
  eden space 28160K, 0% used [0x00000000eb800000,0x00000000eb800000,0x00000000ed380000)
  from space 9728K, 100% used [0x00000000ed380000,0x00000000edd00000,0x00000000edd00000)
  to   space 12288K, 0% used [0x00000000ef000000,0x00000000ef000000,0x00000000efc00000)
 ParOldGen       total 42496K, used 16496K [0x00000000c2800000, 0x00000000c5180000, 0x00000000eb800000)
  object space 42496K, 38% used [0x00000000c2800000,0x00000000c381c0d0,0x00000000c5180000)
 Metaspace       used 19481K, capacity 20074K, committed 20352K, reserved 1067008K
  class space    used 2392K, capacity 2563K, committed 2688K, reserved 1048576K
}

Deoptimization events (10 events):
Event: 20.455 Thread 0x0000012b8136a000 Uncommon trap: reason=unstable_if action=reinterpret pc=0x0000012b833c2d28 method=org.codehaus.plexus.util.xml.pull.MXParser.isValidCodePoint(I)Z @ 15
Event: 20.517 Thread 0x0000012b8136a000 Uncommon trap: reason=unstable_if action=reinterpret pc=0x0000012b83543ed4 method=org.codehaus.plexus.util.xml.pull.MXParser.isValidCodePoint(I)Z @ 15
Event: 20.517 Thread 0x0000012b8136a000 Uncommon trap: reason=unstable_if action=reinterpret pc=0x0000012b83530ef8 method=org.codehaus.plexus.util.xml.pull.MXParser.nextImpl()I @ 973
Event: 21.437 Thread 0x0000012b8136a000 Uncommon trap: reason=unstable_if action=reinterpret pc=0x0000012b8364b1ec method=org.codehaus.plexus.util.xml.pull.MXParser.parseAttribute()C @ 758
Event: 21.786 Thread 0x0000012b8136a000 Uncommon trap: reason=unstable_if action=reinterpret pc=0x0000012b83667afc method=org.codehaus.plexus.util.xml.pull.MXParser.nextImpl()I @ 902
Event: 22.046 Thread 0x0000012b8136a000 Uncommon trap: reason=null_check action=make_not_entrant pc=0x0000012b83684354 method=org.eclipse.sisu.inject.LocatedBeans$Itr.hasNext()Z @ 48
Event: 22.355 Thread 0x0000012b8136a000 Uncommon trap: reason=unstable_if action=reinterpret pc=0x0000012b835779b0 method=java.util.HashMap.hash(Ljava/lang/Object;)I @ 1
Event: 22.355 Thread 0x0000012b8136a000 Uncommon trap: reason=unstable_if action=reinterpret pc=0x0000012b83534564 method=java.util.HashMap.hash(Ljava/lang/Object;)I @ 1
Event: 22.355 Thread 0x0000012b8136a000 Uncommon trap: reason=unstable_if action=reinterpret pc=0x0000012b8313e23c method=java.util.HashMap.hash(Ljava/lang/Object;)I @ 1
Event: 22.355 Thread 0x0000012b8136a000 Uncommon trap: reason=unstable_if action=reinterpret pc=0x0000012b83434530 method=java.util.HashMap.hash(Ljava/lang/Object;)I @ 1

Classes redefined (0 events):
No events

Internal exceptions (10 events):
Event: 11.189 Thread 0x0000012b8136a000 Implicit null exception at 0x0000012b82f9ee96 to 0x0000012b82f9f23d
Event: 11.189 Thread 0x0000012b8136a000 Implicit null exception at 0x0000012b82ef2fd9 to 0x0000012b82ef33a1
Event: 14.589 Thread 0x0000012b8136a000 Implicit null exception at 0x0000012b83475cf3 to 0x0000012b83476fe9
Event: 20.125 Thread 0x0000012b8136a000 Implicit null exception at 0x0000012b835a7020 to 0x0000012b835a7639
Event: 20.152 Thread 0x0000012b8136a000 Implicit null exception at 0x0000012b83600e77 to 0x0000012b836010c1
Event: 22.355 Thread 0x0000012b8136a000 Implicit null exception at 0x0000012b835776f5 to 0x0000012b83577999
Event: 22.355 Thread 0x0000012b8136a000 Implicit null exception at 0x0000012b83533c41 to 0x0000012b8353454d
Event: 22.355 Thread 0x0000012b8136a000 Implicit null exception at 0x0000012b8313e055 to 0x0000012b8313e22d
Event: 22.355 Thread 0x0000012b8136a000 Implicit null exception at 0x0000012b83434498 to 0x0000012b83434526
Event: 22.364 Thread 0x0000012b8136a000 Exception <a 'java/lang/NoSuchMethodError': java.lang.Object.lambda$and$0(Ljava/util/function/Predicate;Ljava/lang/Object;)Z> (0x00000000ec0f68d0) thrown at [C:\jenkins\workspace\8-2-build-windows-amd64-cygwin\jdk8u311\1894\hotspot\src\share\vm\interprete

Events (10 events):
Event: 22.397 loading class org/apache/maven/plugin/PluginRealmCache$PluginRealmSupplier
Event: 22.397 loading class org/apache/maven/plugin/PluginRealmCache$PluginRealmSupplier done
Event: 22.397 loading class org/eclipse/aether/util/filter/AndDependencyFilter
Event: 22.397 loading class org/eclipse/aether/util/filter/AndDependencyFilter done
Event: 22.398 loading class org/eclipse/aether/util/filter/ScopeDependencyFilter
Event: 22.398 loading class org/eclipse/aether/util/filter/ScopeDependencyFilter done
Event: 22.399 loading class org/apache/maven/plugin/internal/WagonExcluder
Event: 22.399 loading class org/apache/maven/plugin/internal/WagonExcluder done
Event: 22.404 loading class org/eclipse/aether/internal/impl/collect/CachingArtifactTypeRegistry
Event: 22.404 loading class org/eclipse/aether/internal/impl/collect/CachingArtifactTypeRegistry done


Dynamic libraries:
0x00007ff77a6e0000 - 0x00007ff77a727000 	C:\Program Files\Java\jdk1.8.0_311\bin\java.exe
0x00007ffc96130000 - 0x00007ffc96347000 	C:\WINDOWS\SYSTEM32\ntdll.dll
0x00007ffc95430000 - 0x00007ffc954f4000 	C:\WINDOWS\System32\KERNEL32.DLL
0x00007ffc939d0000 - 0x00007ffc93d89000 	C:\WINDOWS\System32\KERNELBASE.dll
0x00007ffc947d0000 - 0x00007ffc94882000 	C:\WINDOWS\System32\ADVAPI32.dll
0x00007ffc94360000 - 0x00007ffc94407000 	C:\WINDOWS\System32\msvcrt.dll
0x00007ffc941d0000 - 0x00007ffc94277000 	C:\WINDOWS\System32\sechost.dll
0x00007ffc93880000 - 0x00007ffc938a8000 	C:\WINDOWS\System32\bcrypt.dll
0x00007ffc94570000 - 0x00007ffc94684000 	C:\WINDOWS\System32\RPCRT4.dll
0x00007ffc94020000 - 0x00007ffc941ce000 	C:\WINDOWS\System32\USER32.dll
0x00007ffc93430000 - 0x00007ffc93456000 	C:\WINDOWS\System32\win32u.dll
0x00007ffc95b90000 - 0x00007ffc95bb9000 	C:\WINDOWS\System32\GDI32.dll
0x00007ffc938b0000 - 0x00007ffc939cb000 	C:\WINDOWS\System32\gdi32full.dll
0x00007ffc937e0000 - 0x00007ffc9387a000 	C:\WINDOWS\System32\msvcp_win.dll
0x00007ffc936c0000 - 0x00007ffc937d1000 	C:\WINDOWS\System32\ucrtbase.dll
0x00007ffc7fc40000 - 0x00007ffc7fed2000 	C:\WINDOWS\WinSxS\amd64_microsoft.windows.common-controls_6595b64144ccf1df_6.0.22621.4391_none_2715d37f73803e96\COMCTL32.dll
0x00007ffc95b50000 - 0x00007ffc95b81000 	C:\WINDOWS\System32\IMM32.DLL
0x00007ffc7eaa0000 - 0x00007ffc7eab5000 	C:\Program Files\Java\jdk1.8.0_311\jre\bin\vcruntime140.dll
0x00007ffc73c50000 - 0x00007ffc73ceb000 	C:\Program Files\Java\jdk1.8.0_311\jre\bin\msvcp140.dll
0x0000000074d10000 - 0x0000000075570000 	C:\Program Files\Java\jdk1.8.0_311\jre\bin\server\jvm.dll
0x00007ffc94280000 - 0x00007ffc94288000 	C:\WINDOWS\System32\PSAPI.DLL
0x00007ffc8c710000 - 0x00007ffc8c744000 	C:\WINDOWS\SYSTEM32\WINMM.dll
0x00007ffc87b20000 - 0x00007ffc87b2a000 	C:\WINDOWS\SYSTEM32\VERSION.dll
0x00007ffc8f190000 - 0x00007ffc8f199000 	C:\WINDOWS\SYSTEM32\WSOCK32.dll
0x00007ffc94470000 - 0x00007ffc944e1000 	C:\WINDOWS\System32\WS2_32.dll
0x00007ffc92430000 - 0x00007ffc92448000 	C:\WINDOWS\SYSTEM32\kernel.appcore.dll
0x00007ffc82e30000 - 0x00007ffc82e40000 	C:\Program Files\Java\jdk1.8.0_311\jre\bin\verify.dll
0x00007ffc7be00000 - 0x00007ffc7be2b000 	C:\Program Files\Java\jdk1.8.0_311\jre\bin\java.dll
0x00007ffc7ea40000 - 0x00007ffc7ea58000 	C:\Program Files\Java\jdk1.8.0_311\jre\bin\zip.dll
0x00007ffc94890000 - 0x00007ffc95106000 	C:\WINDOWS\System32\SHELL32.dll
0x00007ffc91320000 - 0x00007ffc91c23000 	C:\WINDOWS\SYSTEM32\windows.storage.dll
0x00007ffc956c0000 - 0x00007ffc95a4f000 	C:\WINDOWS\System32\combase.dll
0x00007ffc911e0000 - 0x00007ffc9131f000 	C:\WINDOWS\SYSTEM32\wintypes.dll
0x00007ffc95a50000 - 0x00007ffc95b49000 	C:\WINDOWS\System32\SHCORE.dll
0x00007ffc94770000 - 0x00007ffc947ce000 	C:\WINDOWS\System32\shlwapi.dll
0x00007ffc93360000 - 0x00007ffc9338b000 	C:\WINDOWS\SYSTEM32\profapi.dll
0x00007ffc817b0000 - 0x00007ffc817cc000 	C:\Program Files\Java\jdk1.8.0_311\jre\bin\net.dll
0x00007ffc928b0000 - 0x00007ffc92919000 	C:\WINDOWS\system32\mswsock.dll
0x00007ffc812a0000 - 0x00007ffc812b3000 	C:\Program Files\Java\jdk1.8.0_311\jre\bin\nio.dll
0x0000000069ac0000 - 0x0000000069ae4000 	C:\Program Files\apache-maven-3.9.6\lib\jansi-native\Windows\x86_64\jansi.dll
0x00007ffc90cf0000 - 0x00007ffc90f22000 	C:\WINDOWS\SYSTEM32\dbghelp.dll
0x00007ffc94690000 - 0x00007ffc94767000 	C:\WINDOWS\System32\OLEAUT32.dll
0x00007ffc93460000 - 0x00007ffc934db000 	C:\WINDOWS\System32\bcryptPrimitives.dll

VM Arguments:
jvm_args: -Dclassworlds.conf=C:\Program Files\apache-maven-3.9.6\bin\m2.conf -Dmaven.home=C:\Program Files\apache-maven-3.9.6 -Dlibrary.jansi.path=C:\Program Files\apache-maven-3.9.6\lib\jansi-native -Dmaven.multiModuleProjectDirectory=d:\MY_OWN_PROJECT\ownproject 
java_command: org.codehaus.plexus.classworlds.launcher.Launcher -q help:effective-pom -Doutput=d:\MY_OWN_PROJECT\ownproject\effective-pom.xml -f d:/MY_OWN_PROJECT/ownproject/pom.xml
java_class_path (initial): C:\Program Files\apache-maven-3.9.6\boot\plexus-classworlds-2.7.0.jar
Launcher Type: SUN_STANDARD

Environment Variables:
JAVA_HOME=C:\Program Files\Java\jdk1.8.0_311
PATH=C:\Python312\Scripts\;C:\Python312\;C:\Program Files\Common Files\Oracle\Java\javapath;C:\oraclexe\app\oracle\product\10.2.0\server\bin;C:\Program Files (x86)\Common Files\Oracle\Java\javapath;C:\WINDOWS\system32;C:\WINDOWS;C:\WINDOWS\System32\Wbem;C:\WINDOWS\System32\WindowsPowerShell\v1.0\;C:\WINDOWS\System32\OpenSSH\;C:\Program Files\Java\jdk1.8.0_311\bin;C:\Program Files\Git\cmd;C:\Program Files\TortoiseGit\bin;C:\Program Files\apache-maven-3.9.6\bin;C:\Program Files\MySQL\MySQL Server 8.0\bin;C:\kafka\bin;C:\Program Files\MongoDB\Server\7.0\bin;C:\ProgramData\chocolatey\bin;C:\Program Files\nodejs\;C:\Program Files\MySQL\MySQL Shell 8.0\bin\;C:\Users\home\AppData\Local\Microsoft\WindowsApps;C:\Users\home\AppData\Local\Programs\Microsoft VS Code\bin;C:\Users\home\AppData\Local\GitHubDesktop\bin;C:\Program Files\heroku\bin;C:\Program Files\MongoDB\Server\6.0\bin;C:\Users\home\AppData\Local\Programs\mongosh\;C:\Users\home\AppData\Local\Microsoft\WinGet\Packages\Schniz.fnm_Microsoft.Winget.Source_8wekyb3d8bbwe;C:\Users\home\AppData\Roaming\npm
USERNAME=home
OS=Windows_NT
PROCESSOR_IDENTIFIER=Intel64 Family 6 Model 142 Stepping 12, GenuineIntel



---------------  S Y S T E M  ---------------

OS: Windows 10.0 , 64 bit Build 22621 (10.0.22621.4391)

CPU:total 4 (initial active 4) (2 cores per cpu, 2 threads per core) family 6 model 142 stepping 12, cmov, cx8, fxsr, mmx, sse, sse2, sse3, ssse3, sse4.1, sse4.2, popcnt, avx, avx2, aes, clmul, erms, 3dnowpref, lzcnt, ht, tsc, tscinvbit, bmi1, bmi2, adx

Memory: 4k page, physical 4024628k(142620k free), swap 16607540k(6432k free)

vm_info: Java HotSpot(TM) 64-Bit Server VM (25.311-b11) for windows-amd64 JRE (1.8.0_311-b11), built on Sep 27 2021 05:15:14 by "java_re" with MS VC++ 15.9 (VS2017)

time: Thu Jan 23 22:42:26 2025
timezone: India Standard Time
elapsed time: 22.468972 seconds (0d 0h 0m 22s)

